{"C:\\App\\haidoc-be\\api\\product.js": {"path":"C:\\App\\haidoc-be\\api\\product.js","statementMap":{"0":{"start":{"line":1,"column":15},"end":{"line":1,"column":42}},"1":{"start":{"line":2,"column":13},"end":{"line":2,"column":28}},"2":{"start":{"line":3,"column":13},"end":{"line":3,"column":28}},"3":{"start":{"line":5,"column":23},"end":{"line":5,"column":63}},"4":{"start":{"line":7,"column":19},"end":{"line":7,"column":57}},"5":{"start":{"line":8,"column":22},"end":{"line":8,"column":57}},"6":{"start":{"line":9,"column":22},"end":{"line":9,"column":57}},"7":{"start":{"line":13,"column":4},"end":{"line":13,"column":34}},"8":{"start":{"line":14,"column":20},"end":{"line":14,"column":57}},"9":{"start":{"line":16,"column":22},"end":{"line":24,"column":1}},"10":{"start":{"line":17,"column":2},"end":{"line":23,"column":3}},"11":{"start":{"line":18,"column":17},"end":{"line":18,"column":61}},"12":{"start":{"line":20,"column":4},"end":{"line":20,"column":76}},"13":{"start":{"line":22,"column":4},"end":{"line":22,"column":54}},"14":{"start":{"line":26,"column":23},"end":{"line":37,"column":1}},"15":{"start":{"line":27,"column":2},"end":{"line":36,"column":3}},"16":{"start":{"line":28,"column":17},"end":{"line":28,"column":66}},"17":{"start":{"line":30,"column":4},"end":{"line":30,"column":76}},"18":{"start":{"line":32,"column":4},"end":{"line":32,"column":21}},"19":{"start":{"line":33,"column":4},"end":{"line":35,"column":46}},"20":{"start":{"line":39,"column":22},"end":{"line":69,"column":1}},"21":{"start":{"line":41,"column":2},"end":{"line":68,"column":3}},"22":{"start":{"line":42,"column":4},"end":{"line":43,"column":61}},"23":{"start":{"line":43,"column":6},"end":{"line":43,"column":61}},"24":{"start":{"line":45,"column":4},"end":{"line":45,"column":74}},"25":{"start":{"line":45,"column":31},"end":{"line":45,"column":74}},"26":{"start":{"line":47,"column":4},"end":{"line":47,"column":43}},"27":{"start":{"line":49,"column":4},"end":{"line":49,"column":75}},"28":{"start":{"line":51,"column":4},"end":{"line":51,"column":75}},"29":{"start":{"line":51,"column":27},"end":{"line":51,"column":75}},"30":{"start":{"line":53,"column":21},"end":{"line":56,"column":6}},"31":{"start":{"line":58,"column":4},"end":{"line":60,"column":73}},"32":{"start":{"line":62,"column":4},"end":{"line":64,"column":5}},"33":{"start":{"line":63,"column":6},"end":{"line":63,"column":64}},"34":{"start":{"line":65,"column":4},"end":{"line":67,"column":46}},"35":{"start":{"line":71,"column":22},"end":{"line":108,"column":1}},"36":{"start":{"line":73,"column":2},"end":{"line":107,"column":3}},"37":{"start":{"line":74,"column":20},"end":{"line":74,"column":69}},"38":{"start":{"line":76,"column":4},"end":{"line":77,"column":61}},"39":{"start":{"line":77,"column":6},"end":{"line":77,"column":61}},"40":{"start":{"line":79,"column":4},"end":{"line":91,"column":5}},"41":{"start":{"line":80,"column":24},"end":{"line":80,"column":49}},"42":{"start":{"line":81,"column":23},"end":{"line":84,"column":7}},"43":{"start":{"line":85,"column":6},"end":{"line":87,"column":7}},"44":{"start":{"line":86,"column":8},"end":{"line":86,"column":53}},"45":{"start":{"line":89,"column":6},"end":{"line":89,"column":77}},"46":{"start":{"line":90,"column":6},"end":{"line":90,"column":77}},"47":{"start":{"line":90,"column":29},"end":{"line":90,"column":77}},"48":{"start":{"line":93,"column":4},"end":{"line":93,"column":43}},"49":{"start":{"line":95,"column":17},"end":{"line":98,"column":5}},"50":{"start":{"line":100,"column":4},"end":{"line":102,"column":63}},"51":{"start":{"line":104,"column":4},"end":{"line":106,"column":46}},"52":{"start":{"line":110,"column":22},"end":{"line":122,"column":1}},"53":{"start":{"line":111,"column":2},"end":{"line":121,"column":3}},"54":{"start":{"line":112,"column":17},"end":{"line":112,"column":65}},"55":{"start":{"line":114,"column":4},"end":{"line":116,"column":63}},"56":{"start":{"line":118,"column":4},"end":{"line":120,"column":46}},"57":{"start":{"line":124,"column":0},"end":{"line":124,"column":31}},"58":{"start":{"line":125,"column":0},"end":{"line":125,"column":35}},"59":{"start":{"line":126,"column":0},"end":{"line":132,"column":2}},"60":{"start":{"line":133,"column":0},"end":{"line":139,"column":2}},"61":{"start":{"line":140,"column":0},"end":{"line":145,"column":2}},"62":{"start":{"line":147,"column":0},"end":{"line":147,"column":24}}},"fnMap":{"0":{"name":"(anonymous_0)","decl":{"start":{"line":16,"column":22},"end":{"line":16,"column":23}},"loc":{"start":{"line":16,"column":42},"end":{"line":24,"column":1}},"line":16},"1":{"name":"(anonymous_1)","decl":{"start":{"line":26,"column":23},"end":{"line":26,"column":24}},"loc":{"start":{"line":26,"column":43},"end":{"line":37,"column":1}},"line":26},"2":{"name":"(anonymous_2)","decl":{"start":{"line":39,"column":22},"end":{"line":39,"column":23}},"loc":{"start":{"line":39,"column":42},"end":{"line":69,"column":1}},"line":39},"3":{"name":"(anonymous_3)","decl":{"start":{"line":71,"column":22},"end":{"line":71,"column":23}},"loc":{"start":{"line":71,"column":42},"end":{"line":108,"column":1}},"line":71},"4":{"name":"(anonymous_4)","decl":{"start":{"line":110,"column":22},"end":{"line":110,"column":23}},"loc":{"start":{"line":110,"column":42},"end":{"line":122,"column":1}},"line":110}},"branchMap":{"0":{"loc":{"start":{"line":42,"column":4},"end":{"line":43,"column":61}},"type":"if","locations":[{"start":{"line":42,"column":4},"end":{"line":43,"column":61}},{"start":{},"end":{}}],"line":42},"1":{"loc":{"start":{"line":45,"column":4},"end":{"line":45,"column":74}},"type":"if","locations":[{"start":{"line":45,"column":4},"end":{"line":45,"column":74}},{"start":{},"end":{}}],"line":45},"2":{"loc":{"start":{"line":51,"column":4},"end":{"line":51,"column":75}},"type":"if","locations":[{"start":{"line":51,"column":4},"end":{"line":51,"column":75}},{"start":{},"end":{}}],"line":51},"3":{"loc":{"start":{"line":62,"column":4},"end":{"line":64,"column":5}},"type":"if","locations":[{"start":{"line":62,"column":4},"end":{"line":64,"column":5}},{"start":{},"end":{}}],"line":62},"4":{"loc":{"start":{"line":76,"column":4},"end":{"line":77,"column":61}},"type":"if","locations":[{"start":{"line":76,"column":4},"end":{"line":77,"column":61}},{"start":{},"end":{}}],"line":76},"5":{"loc":{"start":{"line":79,"column":4},"end":{"line":91,"column":5}},"type":"if","locations":[{"start":{"line":79,"column":4},"end":{"line":91,"column":5}},{"start":{},"end":{}}],"line":79},"6":{"loc":{"start":{"line":85,"column":6},"end":{"line":87,"column":7}},"type":"if","locations":[{"start":{"line":85,"column":6},"end":{"line":87,"column":7}},{"start":{},"end":{}}],"line":85},"7":{"loc":{"start":{"line":90,"column":6},"end":{"line":90,"column":77}},"type":"if","locations":[{"start":{"line":90,"column":6},"end":{"line":90,"column":77}},{"start":{},"end":{}}],"line":90}},"s":{"0":1,"1":1,"2":1,"3":1,"4":1,"5":1,"6":1,"7":1,"8":1,"9":1,"10":1,"11":1,"12":1,"13":0,"14":1,"15":2,"16":2,"17":1,"18":1,"19":1,"20":1,"21":2,"22":2,"23":0,"24":2,"25":1,"26":1,"27":1,"28":1,"29":0,"30":1,"31":1,"32":1,"33":0,"34":1,"35":1,"36":1,"37":1,"38":0,"39":0,"40":0,"41":0,"42":0,"43":0,"44":0,"45":0,"46":0,"47":0,"48":0,"49":0,"50":0,"51":1,"52":1,"53":1,"54":1,"55":0,"56":1,"57":1,"58":1,"59":1,"60":1,"61":1,"62":1},"f":{"0":1,"1":2,"2":2,"3":1,"4":1},"b":{"0":[0,2],"1":[1,1],"2":[0,1],"3":[0,1],"4":[0,0],"5":[0,0],"6":[0,0],"7":[0,0]},"_coverageSchema":"1a1c01bbd47fc00a2c39e90264f33305004495a9","hash":"7e4cb7798d6276b1ec453acfc65db0bbed0ed183"}
,"C:\\App\\haidoc-be\\helpers\\generalHelper.js": {"path":"C:\\App\\haidoc-be\\helpers\\generalHelper.js","statementMap":{"0":{"start":{"line":1,"column":13},"end":{"line":1,"column":28}},"1":{"start":{"line":2,"column":16},"end":{"line":2,"column":34}},"2":{"start":{"line":4,"column":12},"end":{"line":4,"column":21}},"3":{"start":{"line":6,"column":22},"end":{"line":42,"column":1}},"4":{"start":{"line":7,"column":2},"end":{"line":39,"column":3}},"5":{"start":{"line":14,"column":6},"end":{"line":14,"column":70}},"6":{"start":{"line":16,"column":4},"end":{"line":23,"column":5}},"7":{"start":{"line":17,"column":6},"end":{"line":22,"column":7}},"8":{"start":{"line":19,"column":10},"end":{"line":19,"column":23}},"9":{"start":{"line":21,"column":10},"end":{"line":21,"column":42}},"10":{"start":{"line":25,"column":4},"end":{"line":38,"column":5}},"11":{"start":{"line":27,"column":8},"end":{"line":27,"column":64}},"12":{"start":{"line":29,"column":8},"end":{"line":29,"column":66}},"13":{"start":{"line":31,"column":8},"end":{"line":31,"column":65}},"14":{"start":{"line":33,"column":8},"end":{"line":33,"column":67}},"15":{"start":{"line":35,"column":8},"end":{"line":35,"column":69}},"16":{"start":{"line":37,"column":8},"end":{"line":37,"column":40}},"17":{"start":{"line":41,"column":2},"end":{"line":41,"column":34}},"18":{"start":{"line":44,"column":23},"end":{"line":76,"column":1}},"19":{"start":{"line":45,"column":2},"end":{"line":75,"column":3}},"20":{"start":{"line":52,"column":6},"end":{"line":52,"column":70}},"21":{"start":{"line":54,"column":4},"end":{"line":61,"column":5}},"22":{"start":{"line":55,"column":6},"end":{"line":60,"column":7}},"23":{"start":{"line":57,"column":10},"end":{"line":57,"column":23}},"24":{"start":{"line":59,"column":10},"end":{"line":59,"column":42}},"25":{"start":{"line":63,"column":4},"end":{"line":74,"column":5}},"26":{"start":{"line":65,"column":8},"end":{"line":65,"column":19}},"27":{"start":{"line":67,"column":8},"end":{"line":67,"column":19}},"28":{"start":{"line":69,"column":8},"end":{"line":69,"column":19}},"29":{"start":{"line":71,"column":8},"end":{"line":71,"column":19}},"30":{"start":{"line":73,"column":8},"end":{"line":73,"column":19}},"31":{"start":{"line":78,"column":25},"end":{"line":108,"column":1}},"32":{"start":{"line":80,"column":2},"end":{"line":80,"column":26}},"33":{"start":{"line":81,"column":2},"end":{"line":85,"column":4}},"34":{"start":{"line":87,"column":2},"end":{"line":103,"column":5}},"35":{"start":{"line":88,"column":20},"end":{"line":88,"column":28}},"36":{"start":{"line":89,"column":4},"end":{"line":100,"column":6}},"37":{"start":{"line":90,"column":6},"end":{"line":90,"column":25}},"38":{"start":{"line":92,"column":8},"end":{"line":92,"column":65}},"39":{"start":{"line":93,"column":25},"end":{"line":93,"column":29}},"40":{"start":{"line":95,"column":6},"end":{"line":97,"column":7}},"41":{"start":{"line":96,"column":8},"end":{"line":96,"column":43}},"42":{"start":{"line":99,"column":6},"end":{"line":99,"column":55}},"43":{"start":{"line":102,"column":4},"end":{"line":102,"column":11}},"44":{"start":{"line":105,"column":2},"end":{"line":105,"column":24}},"45":{"start":{"line":107,"column":2},"end":{"line":107,"column":36}},"46":{"start":{"line":110,"column":0},"end":{"line":114,"column":2}}},"fnMap":{"0":{"name":"(anonymous_0)","decl":{"start":{"line":6,"column":22},"end":{"line":6,"column":23}},"loc":{"start":{"line":6,"column":33},"end":{"line":42,"column":1}},"line":6},"1":{"name":"(anonymous_1)","decl":{"start":{"line":44,"column":23},"end":{"line":44,"column":24}},"loc":{"start":{"line":44,"column":34},"end":{"line":76,"column":1}},"line":44},"2":{"name":"(anonymous_2)","decl":{"start":{"line":78,"column":25},"end":{"line":78,"column":26}},"loc":{"start":{"line":78,"column":43},"end":{"line":108,"column":1}},"line":78},"3":{"name":"(anonymous_3)","decl":{"start":{"line":87,"column":10},"end":{"line":87,"column":11}},"loc":{"start":{"line":87,"column":30},"end":{"line":103,"column":3}},"line":87},"4":{"name":"(anonymous_4)","decl":{"start":{"line":89,"column":15},"end":{"line":89,"column":16}},"loc":{"start":{"line":89,"column":31},"end":{"line":100,"column":5}},"line":89},"5":{"name":"(anonymous_5)","decl":{"start":{"line":107,"column":26},"end":{"line":107,"column":27}},"loc":{"start":{"line":107,"column":32},"end":{"line":107,"column":34}},"line":107}},"branchMap":{"0":{"loc":{"start":{"line":7,"column":2},"end":{"line":39,"column":3}},"type":"if","locations":[{"start":{"line":7,"column":2},"end":{"line":39,"column":3}},{"start":{},"end":{}}],"line":7},"1":{"loc":{"start":{"line":8,"column":4},"end":{"line":11,"column":35}},"type":"binary-expr","locations":[{"start":{"line":8,"column":4},"end":{"line":8,"column":9}},{"start":{"line":9,"column":4},"end":{"line":9,"column":16}},{"start":{"line":10,"column":4},"end":{"line":10,"column":24}},{"start":{"line":11,"column":4},"end":{"line":11,"column":35}}],"line":8},"2":{"loc":{"start":{"line":14,"column":6},"end":{"line":14,"column":70}},"type":"cond-expr","locations":[{"start":{"line":14,"column":53},"end":{"line":14,"column":63}},{"start":{"line":14,"column":66},"end":{"line":14,"column":70}}],"line":14},"3":{"loc":{"start":{"line":14,"column":6},"end":{"line":14,"column":50}},"type":"binary-expr","locations":[{"start":{"line":14,"column":6},"end":{"line":14,"column":16}},{"start":{"line":14,"column":20},"end":{"line":14,"column":50}}],"line":14},"4":{"loc":{"start":{"line":16,"column":4},"end":{"line":23,"column":5}},"type":"if","locations":[{"start":{"line":16,"column":4},"end":{"line":23,"column":5}},{"start":{},"end":{}}],"line":16},"5":{"loc":{"start":{"line":16,"column":8},"end":{"line":16,"column":52}},"type":"binary-expr","locations":[{"start":{"line":16,"column":8},"end":{"line":16,"column":18}},{"start":{"line":16,"column":22},"end":{"line":16,"column":52}}],"line":16},"6":{"loc":{"start":{"line":17,"column":6},"end":{"line":22,"column":7}},"type":"switch","locations":[{"start":{"line":18,"column":8},"end":{"line":19,"column":23}},{"start":{"line":20,"column":8},"end":{"line":21,"column":42}}],"line":17},"7":{"loc":{"start":{"line":25,"column":4},"end":{"line":38,"column":5}},"type":"switch","locations":[{"start":{"line":26,"column":6},"end":{"line":27,"column":64}},{"start":{"line":28,"column":6},"end":{"line":29,"column":66}},{"start":{"line":30,"column":6},"end":{"line":31,"column":65}},{"start":{"line":32,"column":6},"end":{"line":33,"column":67}},{"start":{"line":34,"column":6},"end":{"line":35,"column":69}},{"start":{"line":36,"column":6},"end":{"line":37,"column":40}}],"line":25},"8":{"loc":{"start":{"line":45,"column":2},"end":{"line":75,"column":3}},"type":"if","locations":[{"start":{"line":45,"column":2},"end":{"line":75,"column":3}},{"start":{},"end":{}}],"line":45},"9":{"loc":{"start":{"line":46,"column":4},"end":{"line":49,"column":35}},"type":"binary-expr","locations":[{"start":{"line":46,"column":4},"end":{"line":46,"column":9}},{"start":{"line":47,"column":4},"end":{"line":47,"column":16}},{"start":{"line":48,"column":4},"end":{"line":48,"column":24}},{"start":{"line":49,"column":4},"end":{"line":49,"column":35}}],"line":46},"10":{"loc":{"start":{"line":52,"column":6},"end":{"line":52,"column":70}},"type":"cond-expr","locations":[{"start":{"line":52,"column":53},"end":{"line":52,"column":63}},{"start":{"line":52,"column":66},"end":{"line":52,"column":70}}],"line":52},"11":{"loc":{"start":{"line":52,"column":6},"end":{"line":52,"column":50}},"type":"binary-expr","locations":[{"start":{"line":52,"column":6},"end":{"line":52,"column":16}},{"start":{"line":52,"column":20},"end":{"line":52,"column":50}}],"line":52},"12":{"loc":{"start":{"line":54,"column":4},"end":{"line":61,"column":5}},"type":"if","locations":[{"start":{"line":54,"column":4},"end":{"line":61,"column":5}},{"start":{},"end":{}}],"line":54},"13":{"loc":{"start":{"line":54,"column":8},"end":{"line":54,"column":52}},"type":"binary-expr","locations":[{"start":{"line":54,"column":8},"end":{"line":54,"column":18}},{"start":{"line":54,"column":22},"end":{"line":54,"column":52}}],"line":54},"14":{"loc":{"start":{"line":55,"column":6},"end":{"line":60,"column":7}},"type":"switch","locations":[{"start":{"line":56,"column":8},"end":{"line":57,"column":23}},{"start":{"line":58,"column":8},"end":{"line":59,"column":42}}],"line":55},"15":{"loc":{"start":{"line":63,"column":4},"end":{"line":74,"column":5}},"type":"switch","locations":[{"start":{"line":64,"column":6},"end":{"line":65,"column":19}},{"start":{"line":66,"column":6},"end":{"line":67,"column":19}},{"start":{"line":68,"column":6},"end":{"line":69,"column":19}},{"start":{"line":70,"column":6},"end":{"line":71,"column":19}},{"start":{"line":72,"column":6},"end":{"line":73,"column":19}}],"line":63},"16":{"loc":{"start":{"line":92,"column":8},"end":{"line":92,"column":65}},"type":"binary-expr","locations":[{"start":{"line":92,"column":9},"end":{"line":92,"column":20}},{"start":{"line":92,"column":24},"end":{"line":92,"column":46}},{"start":{"line":92,"column":51},"end":{"line":92,"column":65}}],"line":92},"17":{"loc":{"start":{"line":95,"column":6},"end":{"line":97,"column":7}},"type":"if","locations":[{"start":{"line":95,"column":6},"end":{"line":97,"column":7}},{"start":{},"end":{}}],"line":95},"18":{"loc":{"start":{"line":95,"column":10},"end":{"line":95,"column":43}},"type":"binary-expr","locations":[{"start":{"line":95,"column":10},"end":{"line":95,"column":28}},{"start":{"line":95,"column":32},"end":{"line":95,"column":43}}],"line":95}},"s":{"0":1,"1":1,"2":1,"3":1,"4":6,"5":6,"6":6,"7":0,"8":0,"9":0,"10":6,"11":0,"12":1,"13":3,"14":1,"15":1,"16":0,"17":0,"18":1,"19":3,"20":3,"21":3,"22":0,"23":0,"24":0,"25":3,"26":0,"27":2,"28":1,"29":0,"30":0,"31":1,"32":1,"33":1,"34":1,"35":9,"36":9,"37":9,"38":9,"39":9,"40":9,"41":6,"42":9,"43":9,"44":1,"45":1,"46":1},"f":{"0":6,"1":3,"2":1,"3":9,"4":9,"5":1},"b":{"0":[6,0],"1":[6,6,6,6],"2":[0,6],"3":[6,0],"4":[0,6],"5":[6,0],"6":[0,0],"7":[0,1,3,1,1,0],"8":[3,0],"9":[3,3,3,3],"10":[0,3],"11":[3,0],"12":[0,3],"13":[3,0],"14":[0,0],"15":[0,2,1,0,0],"16":[9,6,3],"17":[6,3],"18":[9,7]},"_coverageSchema":"1a1c01bbd47fc00a2c39e90264f33305004495a9","hash":"15dcbbd5983d202a9d122e71fabb8e975b4fa53c"}
,"C:\\App\\haidoc-be\\helpers\\productHelper.js": {"path":"C:\\App\\haidoc-be\\helpers\\productHelper.js","statementMap":{"0":{"start":{"line":1,"column":13},"end":{"line":1,"column":28}},"1":{"start":{"line":2,"column":11},"end":{"line":2,"column":31}},"2":{"start":{"line":3,"column":10},"end":{"line":3,"column":27}},"3":{"start":{"line":4,"column":13},"end":{"line":4,"column":28}},"4":{"start":{"line":5,"column":15},"end":{"line":5,"column":35}},"5":{"start":{"line":7,"column":32},"end":{"line":7,"column":62}},"6":{"start":{"line":9,"column":22},"end":{"line":29,"column":1}},"7":{"start":{"line":10,"column":17},"end":{"line":22,"column":4}},"8":{"start":{"line":24,"column":2},"end":{"line":26,"column":3}},"9":{"start":{"line":25,"column":4},"end":{"line":25,"column":62}},"10":{"start":{"line":28,"column":2},"end":{"line":28,"column":33}},"11":{"start":{"line":31,"column":23},"end":{"line":45,"column":1}},"12":{"start":{"line":32,"column":17},"end":{"line":38,"column":4}},"13":{"start":{"line":33,"column":20},"end":{"line":35,"column":6}},"14":{"start":{"line":37,"column":4},"end":{"line":37,"column":19}},"15":{"start":{"line":40,"column":2},"end":{"line":42,"column":3}},"16":{"start":{"line":41,"column":4},"end":{"line":41,"column":62}},"17":{"start":{"line":44,"column":2},"end":{"line":44,"column":33}},"18":{"start":{"line":47,"column":22},"end":{"line":62,"column":1}},"19":{"start":{"line":48,"column":17},"end":{"line":59,"column":4}},"20":{"start":{"line":61,"column":2},"end":{"line":61,"column":33}},"21":{"start":{"line":64,"column":22},"end":{"line":82,"column":1}},"22":{"start":{"line":65,"column":17},"end":{"line":79,"column":3}},"23":{"start":{"line":81,"column":2},"end":{"line":81,"column":33}},"24":{"start":{"line":84,"column":22},"end":{"line":98,"column":1}},"25":{"start":{"line":85,"column":18},"end":{"line":85,"column":42}},"26":{"start":{"line":87,"column":20},"end":{"line":87,"column":45}},"27":{"start":{"line":88,"column":19},"end":{"line":91,"column":3}},"28":{"start":{"line":93,"column":2},"end":{"line":95,"column":3}},"29":{"start":{"line":94,"column":4},"end":{"line":94,"column":49}},"30":{"start":{"line":97,"column":2},"end":{"line":97,"column":46}},"31":{"start":{"line":100,"column":0},"end":{"line":106,"column":2}}},"fnMap":{"0":{"name":"(anonymous_0)","decl":{"start":{"line":9,"column":22},"end":{"line":9,"column":23}},"loc":{"start":{"line":9,"column":39},"end":{"line":29,"column":1}},"line":9},"1":{"name":"(anonymous_1)","decl":{"start":{"line":31,"column":23},"end":{"line":31,"column":24}},"loc":{"start":{"line":31,"column":37},"end":{"line":45,"column":1}},"line":31},"2":{"name":"(anonymous_2)","decl":{"start":{"line":32,"column":48},"end":{"line":32,"column":49}},"loc":{"start":{"line":32,"column":61},"end":{"line":38,"column":3}},"line":32},"3":{"name":"(anonymous_3)","decl":{"start":{"line":47,"column":22},"end":{"line":47,"column":23}},"loc":{"start":{"line":47,"column":41},"end":{"line":62,"column":1}},"line":47},"4":{"name":"(anonymous_4)","decl":{"start":{"line":64,"column":22},"end":{"line":64,"column":23}},"loc":{"start":{"line":64,"column":45},"end":{"line":82,"column":1}},"line":64},"5":{"name":"(anonymous_5)","decl":{"start":{"line":84,"column":22},"end":{"line":84,"column":23}},"loc":{"start":{"line":84,"column":36},"end":{"line":98,"column":1}},"line":84}},"branchMap":{"0":{"loc":{"start":{"line":12,"column":10},"end":{"line":14,"column":7}},"type":"binary-expr","locations":[{"start":{"line":12,"column":10},"end":{"line":12,"column":21}},{"start":{"line":12,"column":25},"end":{"line":14,"column":7}}],"line":12},"1":{"loc":{"start":{"line":15,"column":10},"end":{"line":17,"column":7}},"type":"binary-expr","locations":[{"start":{"line":15,"column":10},"end":{"line":15,"column":25}},{"start":{"line":15,"column":29},"end":{"line":17,"column":7}}],"line":15},"2":{"loc":{"start":{"line":19,"column":11},"end":{"line":19,"column":45}},"type":"binary-expr","locations":[{"start":{"line":19,"column":11},"end":{"line":19,"column":22}},{"start":{"line":19,"column":26},"end":{"line":19,"column":45}}],"line":19},"3":{"loc":{"start":{"line":20,"column":12},"end":{"line":20,"column":66}},"type":"binary-expr","locations":[{"start":{"line":20,"column":12},"end":{"line":20,"column":22}},{"start":{"line":20,"column":26},"end":{"line":20,"column":66}}],"line":20},"4":{"loc":{"start":{"line":24,"column":2},"end":{"line":26,"column":3}},"type":"if","locations":[{"start":{"line":24,"column":2},"end":{"line":26,"column":3}},{"start":{},"end":{}}],"line":24},"5":{"loc":{"start":{"line":40,"column":2},"end":{"line":42,"column":3}},"type":"if","locations":[{"start":{"line":40,"column":2},"end":{"line":42,"column":3}},{"start":{},"end":{}}],"line":40},"6":{"loc":{"start":{"line":74,"column":16},"end":{"line":74,"column":53}},"type":"binary-expr","locations":[{"start":{"line":74,"column":16},"end":{"line":74,"column":33}},{"start":{"line":74,"column":37},"end":{"line":74,"column":53}}],"line":74},"7":{"loc":{"start":{"line":93,"column":2},"end":{"line":95,"column":3}},"type":"if","locations":[{"start":{"line":93,"column":2},"end":{"line":95,"column":3}},{"start":{},"end":{}}],"line":93}},"s":{"0":1,"1":1,"2":1,"3":1,"4":1,"5":1,"6":1,"7":1,"8":1,"9":0,"10":1,"11":1,"12":4,"13":4,"14":4,"15":4,"16":3,"17":1,"18":1,"19":1,"20":1,"21":1,"22":0,"23":0,"24":1,"25":1,"26":0,"27":0,"28":0,"29":0,"30":0,"31":1},"f":{"0":1,"1":4,"2":4,"3":1,"4":0,"5":1},"b":{"0":[1,0],"1":[1,0],"2":[1,0],"3":[1,0],"4":[0,1],"5":[3,1],"6":[0,0],"7":[0,0]},"_coverageSchema":"1a1c01bbd47fc00a2c39e90264f33305004495a9","hash":"933d2ca9c22ac4d72dca04c59d8b1d7cd048ccd7"}
,"C:\\App\\haidoc-be\\helpers\\validationHelper.js": {"path":"C:\\App\\haidoc-be\\helpers\\validationHelper.js","statementMap":{"0":{"start":{"line":1,"column":12},"end":{"line":1,"column":26}},"1":{"start":{"line":2,"column":13},"end":{"line":2,"column":28}},"2":{"start":{"line":4,"column":27},"end":{"line":15,"column":1}},"3":{"start":{"line":5,"column":17},"end":{"line":10,"column":4}},"4":{"start":{"line":12,"column":2},"end":{"line":14,"column":3}},"5":{"start":{"line":13,"column":4},"end":{"line":13,"column":55}},"6":{"start":{"line":17,"column":24},"end":{"line":26,"column":1}},"7":{"start":{"line":18,"column":17},"end":{"line":21,"column":4}},"8":{"start":{"line":23,"column":2},"end":{"line":25,"column":3}},"9":{"start":{"line":24,"column":4},"end":{"line":24,"column":55}},"10":{"start":{"line":28,"column":33},"end":{"line":36,"column":1}},"11":{"start":{"line":29,"column":17},"end":{"line":31,"column":4}},"12":{"start":{"line":33,"column":2},"end":{"line":35,"column":3}},"13":{"start":{"line":34,"column":4},"end":{"line":34,"column":55}},"14":{"start":{"line":38,"column":39},"end":{"line":48,"column":1}},"15":{"start":{"line":39,"column":17},"end":{"line":43,"column":4}},"16":{"start":{"line":45,"column":2},"end":{"line":47,"column":3}},"17":{"start":{"line":46,"column":4},"end":{"line":46,"column":55}},"18":{"start":{"line":50,"column":26},"end":{"line":67,"column":1}},"19":{"start":{"line":51,"column":17},"end":{"line":62,"column":4}},"20":{"start":{"line":64,"column":2},"end":{"line":66,"column":3}},"21":{"start":{"line":65,"column":4},"end":{"line":65,"column":55}},"22":{"start":{"line":69,"column":25},"end":{"line":83,"column":1}},"23":{"start":{"line":70,"column":17},"end":{"line":78,"column":4}},"24":{"start":{"line":80,"column":2},"end":{"line":82,"column":3}},"25":{"start":{"line":81,"column":4},"end":{"line":81,"column":55}},"26":{"start":{"line":85,"column":26},"end":{"line":97,"column":1}},"27":{"start":{"line":86,"column":17},"end":{"line":92,"column":4}},"28":{"start":{"line":94,"column":2},"end":{"line":96,"column":3}},"29":{"start":{"line":95,"column":4},"end":{"line":95,"column":55}},"30":{"start":{"line":99,"column":23},"end":{"line":110,"column":1}},"31":{"start":{"line":100,"column":17},"end":{"line":105,"column":4}},"32":{"start":{"line":107,"column":2},"end":{"line":109,"column":3}},"33":{"start":{"line":108,"column":4},"end":{"line":108,"column":55}},"34":{"start":{"line":112,"column":24},"end":{"line":125,"column":1}},"35":{"start":{"line":113,"column":17},"end":{"line":120,"column":4}},"36":{"start":{"line":122,"column":2},"end":{"line":124,"column":3}},"37":{"start":{"line":123,"column":4},"end":{"line":123,"column":55}},"38":{"start":{"line":127,"column":28},"end":{"line":140,"column":1}},"39":{"start":{"line":128,"column":17},"end":{"line":135,"column":4}},"40":{"start":{"line":137,"column":2},"end":{"line":139,"column":3}},"41":{"start":{"line":138,"column":4},"end":{"line":138,"column":55}},"42":{"start":{"line":142,"column":28},"end":{"line":157,"column":1}},"43":{"start":{"line":143,"column":17},"end":{"line":152,"column":4}},"44":{"start":{"line":154,"column":2},"end":{"line":156,"column":3}},"45":{"start":{"line":155,"column":4},"end":{"line":155,"column":55}},"46":{"start":{"line":159,"column":23},"end":{"line":170,"column":1}},"47":{"start":{"line":160,"column":17},"end":{"line":165,"column":4}},"48":{"start":{"line":167,"column":2},"end":{"line":169,"column":3}},"49":{"start":{"line":168,"column":4},"end":{"line":168,"column":55}},"50":{"start":{"line":172,"column":26},"end":{"line":184,"column":1}},"51":{"start":{"line":173,"column":17},"end":{"line":179,"column":4}},"52":{"start":{"line":181,"column":2},"end":{"line":183,"column":3}},"53":{"start":{"line":182,"column":4},"end":{"line":182,"column":55}},"54":{"start":{"line":186,"column":0},"end":{"line":200,"column":2}}},"fnMap":{"0":{"name":"(anonymous_0)","decl":{"start":{"line":4,"column":27},"end":{"line":4,"column":28}},"loc":{"start":{"line":4,"column":37},"end":{"line":15,"column":1}},"line":4},"1":{"name":"(anonymous_1)","decl":{"start":{"line":17,"column":24},"end":{"line":17,"column":25}},"loc":{"start":{"line":17,"column":34},"end":{"line":26,"column":1}},"line":17},"2":{"name":"(anonymous_2)","decl":{"start":{"line":28,"column":33},"end":{"line":28,"column":34}},"loc":{"start":{"line":28,"column":43},"end":{"line":36,"column":1}},"line":28},"3":{"name":"(anonymous_3)","decl":{"start":{"line":38,"column":39},"end":{"line":38,"column":40}},"loc":{"start":{"line":38,"column":49},"end":{"line":48,"column":1}},"line":38},"4":{"name":"(anonymous_4)","decl":{"start":{"line":50,"column":26},"end":{"line":50,"column":27}},"loc":{"start":{"line":50,"column":36},"end":{"line":67,"column":1}},"line":50},"5":{"name":"(anonymous_5)","decl":{"start":{"line":69,"column":25},"end":{"line":69,"column":26}},"loc":{"start":{"line":69,"column":35},"end":{"line":83,"column":1}},"line":69},"6":{"name":"(anonymous_6)","decl":{"start":{"line":85,"column":26},"end":{"line":85,"column":27}},"loc":{"start":{"line":85,"column":36},"end":{"line":97,"column":1}},"line":85},"7":{"name":"(anonymous_7)","decl":{"start":{"line":99,"column":23},"end":{"line":99,"column":24}},"loc":{"start":{"line":99,"column":33},"end":{"line":110,"column":1}},"line":99},"8":{"name":"(anonymous_8)","decl":{"start":{"line":112,"column":24},"end":{"line":112,"column":25}},"loc":{"start":{"line":112,"column":34},"end":{"line":125,"column":1}},"line":112},"9":{"name":"(anonymous_9)","decl":{"start":{"line":127,"column":28},"end":{"line":127,"column":29}},"loc":{"start":{"line":127,"column":38},"end":{"line":140,"column":1}},"line":127},"10":{"name":"(anonymous_10)","decl":{"start":{"line":142,"column":28},"end":{"line":142,"column":29}},"loc":{"start":{"line":142,"column":38},"end":{"line":157,"column":1}},"line":142},"11":{"name":"(anonymous_11)","decl":{"start":{"line":159,"column":23},"end":{"line":159,"column":24}},"loc":{"start":{"line":159,"column":33},"end":{"line":170,"column":1}},"line":159},"12":{"name":"(anonymous_12)","decl":{"start":{"line":172,"column":26},"end":{"line":172,"column":27}},"loc":{"start":{"line":172,"column":36},"end":{"line":184,"column":1}},"line":172}},"branchMap":{"0":{"loc":{"start":{"line":12,"column":2},"end":{"line":14,"column":3}},"type":"if","locations":[{"start":{"line":12,"column":2},"end":{"line":14,"column":3}},{"start":{},"end":{}}],"line":12},"1":{"loc":{"start":{"line":23,"column":2},"end":{"line":25,"column":3}},"type":"if","locations":[{"start":{"line":23,"column":2},"end":{"line":25,"column":3}},{"start":{},"end":{}}],"line":23},"2":{"loc":{"start":{"line":33,"column":2},"end":{"line":35,"column":3}},"type":"if","locations":[{"start":{"line":33,"column":2},"end":{"line":35,"column":3}},{"start":{},"end":{}}],"line":33},"3":{"loc":{"start":{"line":45,"column":2},"end":{"line":47,"column":3}},"type":"if","locations":[{"start":{"line":45,"column":2},"end":{"line":47,"column":3}},{"start":{},"end":{}}],"line":45},"4":{"loc":{"start":{"line":64,"column":2},"end":{"line":66,"column":3}},"type":"if","locations":[{"start":{"line":64,"column":2},"end":{"line":66,"column":3}},{"start":{},"end":{}}],"line":64},"5":{"loc":{"start":{"line":80,"column":2},"end":{"line":82,"column":3}},"type":"if","locations":[{"start":{"line":80,"column":2},"end":{"line":82,"column":3}},{"start":{},"end":{}}],"line":80},"6":{"loc":{"start":{"line":94,"column":2},"end":{"line":96,"column":3}},"type":"if","locations":[{"start":{"line":94,"column":2},"end":{"line":96,"column":3}},{"start":{},"end":{}}],"line":94},"7":{"loc":{"start":{"line":107,"column":2},"end":{"line":109,"column":3}},"type":"if","locations":[{"start":{"line":107,"column":2},"end":{"line":109,"column":3}},{"start":{},"end":{}}],"line":107},"8":{"loc":{"start":{"line":122,"column":2},"end":{"line":124,"column":3}},"type":"if","locations":[{"start":{"line":122,"column":2},"end":{"line":124,"column":3}},{"start":{},"end":{}}],"line":122},"9":{"loc":{"start":{"line":137,"column":2},"end":{"line":139,"column":3}},"type":"if","locations":[{"start":{"line":137,"column":2},"end":{"line":139,"column":3}},{"start":{},"end":{}}],"line":137},"10":{"loc":{"start":{"line":154,"column":2},"end":{"line":156,"column":3}},"type":"if","locations":[{"start":{"line":154,"column":2},"end":{"line":156,"column":3}},{"start":{},"end":{}}],"line":154},"11":{"loc":{"start":{"line":167,"column":2},"end":{"line":169,"column":3}},"type":"if","locations":[{"start":{"line":167,"column":2},"end":{"line":169,"column":3}},{"start":{},"end":{}}],"line":167},"12":{"loc":{"start":{"line":181,"column":2},"end":{"line":183,"column":3}},"type":"if","locations":[{"start":{"line":181,"column":2},"end":{"line":183,"column":3}},{"start":{},"end":{}}],"line":181}},"s":{"0":1,"1":1,"2":1,"3":0,"4":0,"5":0,"6":1,"7":0,"8":0,"9":0,"10":1,"11":0,"12":0,"13":0,"14":1,"15":0,"16":0,"17":0,"18":1,"19":1,"20":1,"21":0,"22":1,"23":0,"24":0,"25":0,"26":1,"27":0,"28":0,"29":0,"30":1,"31":0,"32":0,"33":0,"34":1,"35":0,"36":0,"37":0,"38":1,"39":0,"40":0,"41":0,"42":1,"43":0,"44":0,"45":0,"46":1,"47":0,"48":0,"49":0,"50":1,"51":0,"52":0,"53":0,"54":1},"f":{"0":0,"1":0,"2":0,"3":0,"4":1,"5":0,"6":0,"7":0,"8":0,"9":0,"10":0,"11":0,"12":0},"b":{"0":[0,0],"1":[0,0],"2":[0,0],"3":[0,0],"4":[0,1],"5":[0,0],"6":[0,0],"7":[0,0],"8":[0,0],"9":[0,0],"10":[0,0],"11":[0,0],"12":[0,0]},"_coverageSchema":"1a1c01bbd47fc00a2c39e90264f33305004495a9","hash":"0ea600f647d39dd2d65d286f6e0c7d72e83fda75"}
,"C:\\App\\haidoc-be\\middlewares\\authMiddleware.js": {"path":"C:\\App\\haidoc-be\\middlewares\\authMiddleware.js","statementMap":{"0":{"start":{"line":1,"column":13},"end":{"line":1,"column":28}},"1":{"start":{"line":2,"column":10},"end":{"line":2,"column":27}},"2":{"start":{"line":3,"column":12},"end":{"line":3,"column":35}},"3":{"start":{"line":4,"column":15},"end":{"line":4,"column":32}},"4":{"start":{"line":6,"column":22},"end":{"line":6,"column":57}},"5":{"start":{"line":8,"column":23},"end":{"line":8,"column":73}},"6":{"start":{"line":9,"column":17},"end":{"line":9,"column":55}},"7":{"start":{"line":12,"column":22},"end":{"line":42,"column":1}},"8":{"start":{"line":13,"column":28},"end":{"line":13,"column":43}},"9":{"start":{"line":15,"column":2},"end":{"line":41,"column":3}},"10":{"start":{"line":16,"column":4},"end":{"line":18,"column":5}},"11":{"start":{"line":17,"column":6},"end":{"line":17,"column":32}},"12":{"start":{"line":20,"column":18},"end":{"line":20,"column":45}},"13":{"start":{"line":21,"column":25},"end":{"line":21,"column":58}},"14":{"start":{"line":22,"column":4},"end":{"line":24,"column":5}},"15":{"start":{"line":23,"column":6},"end":{"line":23,"column":32}},"16":{"start":{"line":26,"column":27},"end":{"line":26,"column":61}},"17":{"start":{"line":27,"column":4},"end":{"line":29,"column":5}},"18":{"start":{"line":28,"column":6},"end":{"line":28,"column":32}},"19":{"start":{"line":31,"column":4},"end":{"line":31,"column":45}},"20":{"start":{"line":33,"column":4},"end":{"line":33,"column":18}},"21":{"start":{"line":35,"column":4},"end":{"line":35,"column":21}},"22":{"start":{"line":37,"column":4},"end":{"line":37,"column":74}},"23":{"start":{"line":38,"column":4},"end":{"line":40,"column":46}},"24":{"start":{"line":44,"column":16},"end":{"line":57,"column":1}},"25":{"start":{"line":45,"column":2},"end":{"line":56,"column":3}},"26":{"start":{"line":46,"column":4},"end":{"line":48,"column":5}},"27":{"start":{"line":47,"column":6},"end":{"line":47,"column":29}},"28":{"start":{"line":50,"column":4},"end":{"line":50,"column":18}},"29":{"start":{"line":52,"column":4},"end":{"line":52,"column":68}},"30":{"start":{"line":53,"column":4},"end":{"line":55,"column":46}},"31":{"start":{"line":59,"column":17},"end":{"line":72,"column":1}},"32":{"start":{"line":60,"column":2},"end":{"line":71,"column":3}},"33":{"start":{"line":61,"column":4},"end":{"line":63,"column":5}},"34":{"start":{"line":62,"column":6},"end":{"line":62,"column":29}},"35":{"start":{"line":65,"column":4},"end":{"line":65,"column":18}},"36":{"start":{"line":67,"column":4},"end":{"line":67,"column":74}},"37":{"start":{"line":68,"column":4},"end":{"line":70,"column":46}},"38":{"start":{"line":74,"column":0},"end":{"line":78,"column":2}}},"fnMap":{"0":{"name":"(anonymous_0)","decl":{"start":{"line":12,"column":22},"end":{"line":12,"column":23}},"loc":{"start":{"line":12,"column":48},"end":{"line":42,"column":1}},"line":12},"1":{"name":"(anonymous_1)","decl":{"start":{"line":44,"column":16},"end":{"line":44,"column":17}},"loc":{"start":{"line":44,"column":42},"end":{"line":57,"column":1}},"line":44},"2":{"name":"(anonymous_2)","decl":{"start":{"line":59,"column":17},"end":{"line":59,"column":18}},"loc":{"start":{"line":59,"column":43},"end":{"line":72,"column":1}},"line":59}},"branchMap":{"0":{"loc":{"start":{"line":8,"column":23},"end":{"line":8,"column":73}},"type":"binary-expr","locations":[{"start":{"line":8,"column":23},"end":{"line":8,"column":51}},{"start":{"line":8,"column":55},"end":{"line":8,"column":73}}],"line":8},"1":{"loc":{"start":{"line":16,"column":4},"end":{"line":18,"column":5}},"type":"if","locations":[{"start":{"line":16,"column":4},"end":{"line":18,"column":5}},{"start":{},"end":{}}],"line":16},"2":{"loc":{"start":{"line":22,"column":4},"end":{"line":24,"column":5}},"type":"if","locations":[{"start":{"line":22,"column":4},"end":{"line":24,"column":5}},{"start":{},"end":{}}],"line":22},"3":{"loc":{"start":{"line":22,"column":8},"end":{"line":22,"column":62}},"type":"binary-expr","locations":[{"start":{"line":22,"column":8},"end":{"line":22,"column":31}},{"start":{"line":22,"column":35},"end":{"line":22,"column":62}}],"line":22},"4":{"loc":{"start":{"line":27,"column":4},"end":{"line":29,"column":5}},"type":"if","locations":[{"start":{"line":27,"column":4},"end":{"line":29,"column":5}},{"start":{},"end":{}}],"line":27},"5":{"loc":{"start":{"line":46,"column":4},"end":{"line":48,"column":5}},"type":"if","locations":[{"start":{"line":46,"column":4},"end":{"line":48,"column":5}},{"start":{},"end":{}}],"line":46},"6":{"loc":{"start":{"line":61,"column":4},"end":{"line":63,"column":5}},"type":"if","locations":[{"start":{"line":61,"column":4},"end":{"line":63,"column":5}},{"start":{},"end":{}}],"line":61}},"s":{"0":1,"1":1,"2":1,"3":1,"4":1,"5":1,"6":1,"7":1,"8":6,"9":6,"10":6,"11":1,"12":5,"13":5,"14":5,"15":0,"16":5,"17":5,"18":0,"19":5,"20":5,"21":1,"22":1,"23":1,"24":1,"25":5,"26":5,"27":1,"28":4,"29":1,"30":1,"31":1,"32":0,"33":0,"34":0,"35":0,"36":0,"37":0,"38":1},"f":{"0":6,"1":5,"2":0},"b":{"0":[1,0],"1":[1,5],"2":[0,5],"3":[5,5],"4":[0,5],"5":[1,4],"6":[0,0]},"_coverageSchema":"1a1c01bbd47fc00a2c39e90264f33305004495a9","hash":"28cc242330c469341d11272ff73c9bace1995913"}
,"C:\\App\\haidoc-be\\middlewares\\uploadMedia.js": {"path":"C:\\App\\haidoc-be\\middlewares\\uploadMedia.js","statementMap":{"0":{"start":{"line":1,"column":15},"end":{"line":1,"column":32}},"1":{"start":{"line":3,"column":16},"end":{"line":3,"column":38}},"2":{"start":{"line":5,"column":19},"end":{"line":18,"column":1}},"3":{"start":{"line":6,"column":2},"end":{"line":16,"column":3}},"4":{"start":{"line":12,"column":4},"end":{"line":14,"column":6}},"5":{"start":{"line":15,"column":4},"end":{"line":15,"column":27}},"6":{"start":{"line":17,"column":2},"end":{"line":17,"column":17}},"7":{"start":{"line":20,"column":20},"end":{"line":24,"column":2}},"8":{"start":{"line":26,"column":0},"end":{"line":26,"column":29}}},"fnMap":{"0":{"name":"(anonymous_0)","decl":{"start":{"line":5,"column":19},"end":{"line":5,"column":20}},"loc":{"start":{"line":5,"column":38},"end":{"line":18,"column":1}},"line":5}},"branchMap":{"0":{"loc":{"start":{"line":6,"column":2},"end":{"line":16,"column":3}},"type":"if","locations":[{"start":{"line":6,"column":2},"end":{"line":16,"column":3}},{"start":{},"end":{}}],"line":6},"1":{"loc":{"start":{"line":7,"column":4},"end":{"line":10,"column":34}},"type":"binary-expr","locations":[{"start":{"line":7,"column":4},"end":{"line":7,"column":34}},{"start":{"line":8,"column":4},"end":{"line":8,"column":33}},{"start":{"line":9,"column":4},"end":{"line":9,"column":33}},{"start":{"line":10,"column":4},"end":{"line":10,"column":34}}],"line":7}},"s":{"0":1,"1":1,"2":1,"3":4,"4":0,"5":0,"6":4,"7":1,"8":1},"f":{"0":4},"b":{"0":[0,4],"1":[4,0,0,0]},"_coverageSchema":"1a1c01bbd47fc00a2c39e90264f33305004495a9","hash":"9372178c143fb721d0db57036cd33e4a8dd4acdb"}
,"C:\\App\\haidoc-be\\models\\address.js": {"path":"C:\\App\\haidoc-be\\models\\address.js","statementMap":{"0":{"start":{"line":4,"column":4},"end":{"line":4,"column":24}},"1":{"start":{"line":5,"column":0},"end":{"line":26,"column":2}},"2":{"start":{"line":16,"column":2},"end":{"line":24,"column":5}},"3":{"start":{"line":25,"column":2},"end":{"line":25,"column":17}}},"fnMap":{"0":{"name":"(anonymous_0)","decl":{"start":{"line":5,"column":17},"end":{"line":5,"column":18}},"loc":{"start":{"line":5,"column":43},"end":{"line":26,"column":1}},"line":5},"1":{"name":"(anonymous_1)","decl":{"start":{"line":12,"column":4},"end":{"line":12,"column":5}},"loc":{"start":{"line":12,"column":29},"end":{"line":14,"column":5}},"line":12}},"branchMap":{},"s":{"0":1,"1":1,"2":1,"3":1},"f":{"0":1,"1":1},"b":{},"_coverageSchema":"1a1c01bbd47fc00a2c39e90264f33305004495a9","hash":"1094d14822b0a44b7f1fd2361b51670208230e92"}
,"C:\\App\\haidoc-be\\models\\cart.js": {"path":"C:\\App\\haidoc-be\\models\\cart.js","statementMap":{"0":{"start":{"line":2,"column":18},"end":{"line":2,"column":38}},"1":{"start":{"line":3,"column":0},"end":{"line":34,"column":2}},"2":{"start":{"line":11,"column":6},"end":{"line":14,"column":9}},"3":{"start":{"line":16,"column":6},"end":{"line":19,"column":9}},"4":{"start":{"line":22,"column":2},"end":{"line":32,"column":4}},"5":{"start":{"line":33,"column":2},"end":{"line":33,"column":14}}},"fnMap":{"0":{"name":"(anonymous_0)","decl":{"start":{"line":3,"column":17},"end":{"line":3,"column":18}},"loc":{"start":{"line":3,"column":43},"end":{"line":34,"column":1}},"line":3},"1":{"name":"(anonymous_1)","decl":{"start":{"line":10,"column":4},"end":{"line":10,"column":5}},"loc":{"start":{"line":10,"column":29},"end":{"line":20,"column":5}},"line":10}},"branchMap":{},"s":{"0":1,"1":1,"2":1,"3":1,"4":1,"5":1},"f":{"0":1,"1":1},"b":{},"_coverageSchema":"1a1c01bbd47fc00a2c39e90264f33305004495a9","hash":"7a1ccd1c6bb7d19ccb05f07d33a0ac5c766f79e0"}
,"C:\\App\\haidoc-be\\models\\chat.js": {"path":"C:\\App\\haidoc-be\\models\\chat.js","statementMap":{"0":{"start":{"line":2,"column":18},"end":{"line":2,"column":38}},"1":{"start":{"line":3,"column":0},"end":{"line":41,"column":2}},"2":{"start":{"line":11,"column":6},"end":{"line":15,"column":9}},"3":{"start":{"line":17,"column":6},"end":{"line":20,"column":9}},"4":{"start":{"line":22,"column":6},"end":{"line":26,"column":9}},"5":{"start":{"line":29,"column":2},"end":{"line":39,"column":4}},"6":{"start":{"line":40,"column":2},"end":{"line":40,"column":14}}},"fnMap":{"0":{"name":"(anonymous_0)","decl":{"start":{"line":3,"column":17},"end":{"line":3,"column":18}},"loc":{"start":{"line":3,"column":43},"end":{"line":41,"column":1}},"line":3},"1":{"name":"(anonymous_1)","decl":{"start":{"line":10,"column":4},"end":{"line":10,"column":5}},"loc":{"start":{"line":10,"column":29},"end":{"line":27,"column":5}},"line":10}},"branchMap":{},"s":{"0":1,"1":1,"2":1,"3":1,"4":1,"5":1,"6":1},"f":{"0":1,"1":1},"b":{},"_coverageSchema":"1a1c01bbd47fc00a2c39e90264f33305004495a9","hash":"e212ce8b92b71c206dc87f8de3d5b19707e1c6a4"}
,"C:\\App\\haidoc-be\\models\\chatorder.js": {"path":"C:\\App\\haidoc-be\\models\\chatorder.js","statementMap":{"0":{"start":{"line":2,"column":18},"end":{"line":2,"column":38}},"1":{"start":{"line":3,"column":0},"end":{"line":39,"column":2}},"2":{"start":{"line":11,"column":6},"end":{"line":15,"column":9}},"3":{"start":{"line":17,"column":6},"end":{"line":20,"column":9}},"4":{"start":{"line":23,"column":2},"end":{"line":37,"column":4}},"5":{"start":{"line":38,"column":2},"end":{"line":38,"column":19}}},"fnMap":{"0":{"name":"(anonymous_0)","decl":{"start":{"line":3,"column":17},"end":{"line":3,"column":18}},"loc":{"start":{"line":3,"column":43},"end":{"line":39,"column":1}},"line":3},"1":{"name":"(anonymous_1)","decl":{"start":{"line":10,"column":4},"end":{"line":10,"column":5}},"loc":{"start":{"line":10,"column":29},"end":{"line":21,"column":5}},"line":10}},"branchMap":{},"s":{"0":1,"1":1,"2":1,"3":1,"4":1,"5":1},"f":{"0":1,"1":1},"b":{},"_coverageSchema":"1a1c01bbd47fc00a2c39e90264f33305004495a9","hash":"51fb8c19ade0560dc58b52953138575a66ee10be"}
,"C:\\App\\haidoc-be\\models\\doctor.js": {"path":"C:\\App\\haidoc-be\\models\\doctor.js","statementMap":{"0":{"start":{"line":2,"column":18},"end":{"line":2,"column":38}},"1":{"start":{"line":3,"column":0},"end":{"line":34,"column":2}},"2":{"start":{"line":11,"column":6},"end":{"line":14,"column":9}},"3":{"start":{"line":17,"column":2},"end":{"line":32,"column":4}},"4":{"start":{"line":33,"column":2},"end":{"line":33,"column":16}}},"fnMap":{"0":{"name":"(anonymous_0)","decl":{"start":{"line":3,"column":17},"end":{"line":3,"column":18}},"loc":{"start":{"line":3,"column":43},"end":{"line":34,"column":1}},"line":3},"1":{"name":"(anonymous_1)","decl":{"start":{"line":10,"column":4},"end":{"line":10,"column":5}},"loc":{"start":{"line":10,"column":29},"end":{"line":15,"column":5}},"line":10}},"branchMap":{},"s":{"0":1,"1":1,"2":1,"3":1,"4":1},"f":{"0":1,"1":1},"b":{},"_coverageSchema":"1a1c01bbd47fc00a2c39e90264f33305004495a9","hash":"408d571598d466c96e4c36cfb4a5cd008d9ef02f"}
,"C:\\App\\haidoc-be\\models\\forgotpassword.js": {"path":"C:\\App\\haidoc-be\\models\\forgotpassword.js","statementMap":{"0":{"start":{"line":4,"column":4},"end":{"line":4,"column":24}},"1":{"start":{"line":5,"column":0},"end":{"line":25,"column":2}},"2":{"start":{"line":16,"column":2},"end":{"line":23,"column":5}},"3":{"start":{"line":24,"column":2},"end":{"line":24,"column":24}}},"fnMap":{"0":{"name":"(anonymous_0)","decl":{"start":{"line":5,"column":17},"end":{"line":5,"column":18}},"loc":{"start":{"line":5,"column":43},"end":{"line":25,"column":1}},"line":5},"1":{"name":"(anonymous_1)","decl":{"start":{"line":12,"column":4},"end":{"line":12,"column":5}},"loc":{"start":{"line":12,"column":29},"end":{"line":14,"column":5}},"line":12}},"branchMap":{},"s":{"0":1,"1":1,"2":1,"3":1},"f":{"0":1,"1":1},"b":{},"_coverageSchema":"1a1c01bbd47fc00a2c39e90264f33305004495a9","hash":"3669509d36d0136d98be92a2f1af85576d7f9baf"}
,"C:\\App\\haidoc-be\\models\\index.js": {"path":"C:\\App\\haidoc-be\\models\\index.js","statementMap":{"0":{"start":{"line":3,"column":11},"end":{"line":3,"column":24}},"1":{"start":{"line":4,"column":13},"end":{"line":4,"column":28}},"2":{"start":{"line":5,"column":18},"end":{"line":5,"column":38}},"3":{"start":{"line":6,"column":16},"end":{"line":6,"column":34}},"4":{"start":{"line":7,"column":17},"end":{"line":7,"column":42}},"5":{"start":{"line":8,"column":12},"end":{"line":8,"column":49}},"6":{"start":{"line":9,"column":15},"end":{"line":9,"column":65}},"7":{"start":{"line":10,"column":11},"end":{"line":10,"column":13}},"8":{"start":{"line":13,"column":0},"end":{"line":17,"column":1}},"9":{"start":{"line":14,"column":2},"end":{"line":14,"column":74}},"10":{"start":{"line":16,"column":2},"end":{"line":16,"column":87}},"11":{"start":{"line":19,"column":0},"end":{"line":32,"column":5}},"12":{"start":{"line":22,"column":4},"end":{"line":27,"column":6}},"13":{"start":{"line":30,"column":18},"end":{"line":30,"column":85}},"14":{"start":{"line":31,"column":4},"end":{"line":31,"column":27}},"15":{"start":{"line":34,"column":0},"end":{"line":38,"column":3}},"16":{"start":{"line":35,"column":2},"end":{"line":37,"column":3}},"17":{"start":{"line":36,"column":4},"end":{"line":36,"column":32}},"18":{"start":{"line":40,"column":0},"end":{"line":40,"column":25}},"19":{"start":{"line":41,"column":0},"end":{"line":41,"column":25}},"20":{"start":{"line":43,"column":0},"end":{"line":43,"column":20}}},"fnMap":{"0":{"name":"(anonymous_0)","decl":{"start":{"line":21,"column":10},"end":{"line":21,"column":11}},"loc":{"start":{"line":21,"column":18},"end":{"line":28,"column":3}},"line":21},"1":{"name":"(anonymous_1)","decl":{"start":{"line":29,"column":11},"end":{"line":29,"column":12}},"loc":{"start":{"line":29,"column":19},"end":{"line":32,"column":3}},"line":29},"2":{"name":"(anonymous_2)","decl":{"start":{"line":34,"column":24},"end":{"line":34,"column":25}},"loc":{"start":{"line":34,"column":37},"end":{"line":38,"column":1}},"line":34}},"branchMap":{"0":{"loc":{"start":{"line":8,"column":12},"end":{"line":8,"column":49}},"type":"binary-expr","locations":[{"start":{"line":8,"column":12},"end":{"line":8,"column":32}},{"start":{"line":8,"column":36},"end":{"line":8,"column":49}}],"line":8},"1":{"loc":{"start":{"line":13,"column":0},"end":{"line":17,"column":1}},"type":"if","locations":[{"start":{"line":13,"column":0},"end":{"line":17,"column":1}},{"start":{"line":15,"column":7},"end":{"line":17,"column":1}}],"line":13},"2":{"loc":{"start":{"line":23,"column":6},"end":{"line":26,"column":37}},"type":"binary-expr","locations":[{"start":{"line":23,"column":6},"end":{"line":23,"column":29}},{"start":{"line":24,"column":6},"end":{"line":24,"column":23}},{"start":{"line":25,"column":6},"end":{"line":25,"column":30}},{"start":{"line":26,"column":6},"end":{"line":26,"column":37}}],"line":23},"3":{"loc":{"start":{"line":35,"column":2},"end":{"line":37,"column":3}},"type":"if","locations":[{"start":{"line":35,"column":2},"end":{"line":37,"column":3}},{"start":{},"end":{}}],"line":35}},"s":{"0":1,"1":1,"2":1,"3":1,"4":1,"5":1,"6":1,"7":1,"8":1,"9":0,"10":1,"11":1,"12":12,"13":11,"14":11,"15":1,"16":11,"17":11,"18":1,"19":1,"20":1},"f":{"0":12,"1":11,"2":11},"b":{"0":[1,0],"1":[0,1],"2":[12,12,11,11],"3":[11,0]},"_coverageSchema":"1a1c01bbd47fc00a2c39e90264f33305004495a9","hash":"c7ffd103558cecf2d34d0e0618fcbbded3348d41"}
,"C:\\App\\haidoc-be\\models\\message.js": {"path":"C:\\App\\haidoc-be\\models\\message.js","statementMap":{"0":{"start":{"line":2,"column":18},"end":{"line":2,"column":38}},"1":{"start":{"line":3,"column":0},"end":{"line":27,"column":2}},"2":{"start":{"line":14,"column":2},"end":{"line":25,"column":4}},"3":{"start":{"line":26,"column":2},"end":{"line":26,"column":17}}},"fnMap":{"0":{"name":"(anonymous_0)","decl":{"start":{"line":3,"column":17},"end":{"line":3,"column":18}},"loc":{"start":{"line":3,"column":43},"end":{"line":27,"column":1}},"line":3},"1":{"name":"(anonymous_1)","decl":{"start":{"line":10,"column":4},"end":{"line":10,"column":5}},"loc":{"start":{"line":10,"column":29},"end":{"line":12,"column":5}},"line":10}},"branchMap":{},"s":{"0":1,"1":1,"2":1,"3":1},"f":{"0":1,"1":1},"b":{},"_coverageSchema":"1a1c01bbd47fc00a2c39e90264f33305004495a9","hash":"c9323ad4c87a540a8de50ebfedc77b6b1cf69fc0"}
,"C:\\App\\haidoc-be\\models\\order.js": {"path":"C:\\App\\haidoc-be\\models\\order.js","statementMap":{"0":{"start":{"line":2,"column":18},"end":{"line":2,"column":38}},"1":{"start":{"line":3,"column":0},"end":{"line":31,"column":2}},"2":{"start":{"line":11,"column":6},"end":{"line":14,"column":9}},"3":{"start":{"line":17,"column":2},"end":{"line":29,"column":4}},"4":{"start":{"line":30,"column":2},"end":{"line":30,"column":15}}},"fnMap":{"0":{"name":"(anonymous_0)","decl":{"start":{"line":3,"column":17},"end":{"line":3,"column":18}},"loc":{"start":{"line":3,"column":43},"end":{"line":31,"column":1}},"line":3},"1":{"name":"(anonymous_1)","decl":{"start":{"line":10,"column":4},"end":{"line":10,"column":5}},"loc":{"start":{"line":10,"column":29},"end":{"line":15,"column":5}},"line":10}},"branchMap":{},"s":{"0":1,"1":1,"2":1,"3":1,"4":1},"f":{"0":1,"1":1},"b":{},"_coverageSchema":"1a1c01bbd47fc00a2c39e90264f33305004495a9","hash":"ad991b90e6161e60643018bd1e563a6d50ea0769"}
,"C:\\App\\haidoc-be\\models\\orderitem.js": {"path":"C:\\App\\haidoc-be\\models\\orderitem.js","statementMap":{"0":{"start":{"line":2,"column":18},"end":{"line":2,"column":38}},"1":{"start":{"line":3,"column":0},"end":{"line":28,"column":2}},"2":{"start":{"line":14,"column":2},"end":{"line":26,"column":4}},"3":{"start":{"line":27,"column":2},"end":{"line":27,"column":19}}},"fnMap":{"0":{"name":"(anonymous_0)","decl":{"start":{"line":3,"column":17},"end":{"line":3,"column":18}},"loc":{"start":{"line":3,"column":43},"end":{"line":28,"column":1}},"line":3},"1":{"name":"(anonymous_1)","decl":{"start":{"line":10,"column":4},"end":{"line":10,"column":5}},"loc":{"start":{"line":10,"column":29},"end":{"line":12,"column":5}},"line":10}},"branchMap":{},"s":{"0":1,"1":1,"2":1,"3":1},"f":{"0":1,"1":1},"b":{},"_coverageSchema":"1a1c01bbd47fc00a2c39e90264f33305004495a9","hash":"150db7d91cd4f8dd75b76c94c3b5190711184b9b"}
,"C:\\App\\haidoc-be\\models\\product.js": {"path":"C:\\App\\haidoc-be\\models\\product.js","statementMap":{"0":{"start":{"line":2,"column":32},"end":{"line":2,"column":52}},"1":{"start":{"line":3,"column":0},"end":{"line":33,"column":2}},"2":{"start":{"line":14,"column":2},"end":{"line":31,"column":4}},"3":{"start":{"line":32,"column":2},"end":{"line":32,"column":17}}},"fnMap":{"0":{"name":"(anonymous_0)","decl":{"start":{"line":3,"column":17},"end":{"line":3,"column":18}},"loc":{"start":{"line":3,"column":43},"end":{"line":33,"column":1}},"line":3},"1":{"name":"(anonymous_1)","decl":{"start":{"line":10,"column":4},"end":{"line":10,"column":5}},"loc":{"start":{"line":10,"column":29},"end":{"line":12,"column":5}},"line":10}},"branchMap":{},"s":{"0":1,"1":1,"2":1,"3":1},"f":{"0":1,"1":1},"b":{},"_coverageSchema":"1a1c01bbd47fc00a2c39e90264f33305004495a9","hash":"9444d5a60a0ff1753fc4b35e6a4ced274ed78b2b"}
,"C:\\App\\haidoc-be\\models\\user.js": {"path":"C:\\App\\haidoc-be\\models\\user.js","statementMap":{"0":{"start":{"line":2,"column":18},"end":{"line":2,"column":38}},"1":{"start":{"line":3,"column":0},"end":{"line":32,"column":2}},"2":{"start":{"line":11,"column":6},"end":{"line":15,"column":9}},"3":{"start":{"line":18,"column":2},"end":{"line":30,"column":4}},"4":{"start":{"line":31,"column":2},"end":{"line":31,"column":14}}},"fnMap":{"0":{"name":"(anonymous_0)","decl":{"start":{"line":3,"column":17},"end":{"line":3,"column":18}},"loc":{"start":{"line":3,"column":43},"end":{"line":32,"column":1}},"line":3},"1":{"name":"(anonymous_1)","decl":{"start":{"line":10,"column":4},"end":{"line":10,"column":5}},"loc":{"start":{"line":10,"column":29},"end":{"line":16,"column":5}},"line":10}},"branchMap":{},"s":{"0":1,"1":1,"2":1,"3":1,"4":1},"f":{"0":1,"1":1},"b":{},"_coverageSchema":"1a1c01bbd47fc00a2c39e90264f33305004495a9","hash":"b962bd1fba62613e77e8551c8cdbe446b583728f"}
,"C:\\App\\haidoc-be\\utils\\cloudinary.js": {"path":"C:\\App\\haidoc-be\\utils\\cloudinary.js","statementMap":{"0":{"start":{"line":1,"column":15},"end":{"line":1,"column":32}},"1":{"start":{"line":2,"column":19},"end":{"line":2,"column":43}},"2":{"start":{"line":4,"column":0},"end":{"line":4,"column":16}},"3":{"start":{"line":6,"column":0},"end":{"line":10,"column":3}},"4":{"start":{"line":12,"column":27},"end":{"line":41,"column":1}},"5":{"start":{"line":13,"column":2},"end":{"line":40,"column":5}},"6":{"start":{"line":16,"column":4},"end":{"line":39,"column":5}},"7":{"start":{"line":17,"column":6},"end":{"line":29,"column":8}},"8":{"start":{"line":23,"column":10},"end":{"line":27,"column":11}},"9":{"start":{"line":24,"column":12},"end":{"line":24,"column":26}},"10":{"start":{"line":26,"column":12},"end":{"line":26,"column":28}},"11":{"start":{"line":30,"column":6},"end":{"line":30,"column":36}},"12":{"start":{"line":32,"column":6},"end":{"line":38,"column":41}},"13":{"start":{"line":37,"column":26},"end":{"line":37,"column":41}},"14":{"start":{"line":38,"column":26},"end":{"line":38,"column":39}},"15":{"start":{"line":43,"column":28},"end":{"line":53,"column":1}},"16":{"start":{"line":44,"column":2},"end":{"line":52,"column":3}},"17":{"start":{"line":45,"column":21},"end":{"line":47,"column":6}},"18":{"start":{"line":49,"column":4},"end":{"line":49,"column":36}},"19":{"start":{"line":51,"column":4},"end":{"line":51,"column":17}},"20":{"start":{"line":54,"column":0},"end":{"line":57,"column":2}}},"fnMap":{"0":{"name":"(anonymous_0)","decl":{"start":{"line":12,"column":27},"end":{"line":12,"column":28}},"loc":{"start":{"line":12,"column":65},"end":{"line":41,"column":1}},"line":12},"1":{"name":"(anonymous_1)","decl":{"start":{"line":13,"column":21},"end":{"line":13,"column":22}},"loc":{"start":{"line":13,"column":42},"end":{"line":40,"column":3}},"line":13},"2":{"name":"(anonymous_2)","decl":{"start":{"line":22,"column":8},"end":{"line":22,"column":9}},"loc":{"start":{"line":22,"column":27},"end":{"line":28,"column":9}},"line":22},"3":{"name":"(anonymous_3)","decl":{"start":{"line":37,"column":14},"end":{"line":37,"column":15}},"loc":{"start":{"line":37,"column":26},"end":{"line":37,"column":41}},"line":37},"4":{"name":"(anonymous_4)","decl":{"start":{"line":38,"column":15},"end":{"line":38,"column":16}},"loc":{"start":{"line":38,"column":26},"end":{"line":38,"column":39}},"line":38},"5":{"name":"(anonymous_5)","decl":{"start":{"line":43,"column":28},"end":{"line":43,"column":29}},"loc":{"start":{"line":43,"column":62},"end":{"line":53,"column":1}},"line":43}},"branchMap":{"0":{"loc":{"start":{"line":16,"column":4},"end":{"line":39,"column":5}},"type":"if","locations":[{"start":{"line":16,"column":4},"end":{"line":39,"column":5}},{"start":{"line":31,"column":11},"end":{"line":39,"column":5}}],"line":16},"1":{"loc":{"start":{"line":23,"column":10},"end":{"line":27,"column":11}},"type":"if","locations":[{"start":{"line":23,"column":10},"end":{"line":27,"column":11}},{"start":{"line":25,"column":17},"end":{"line":27,"column":11}}],"line":23}},"s":{"0":1,"1":1,"2":1,"3":1,"4":1,"5":1,"6":1,"7":1,"8":1,"9":0,"10":1,"11":1,"12":0,"13":0,"14":0,"15":1,"16":0,"17":0,"18":0,"19":0,"20":1},"f":{"0":1,"1":1,"2":1,"3":0,"4":0,"5":0},"b":{"0":[1,0],"1":[0,1]},"_coverageSchema":"1a1c01bbd47fc00a2c39e90264f33305004495a9","hash":"322a9b08b615fe9554db81aeae18dfe643244d69"}
}
