{"C:\\App\\haidoc-be\\api\\product.js": {"path":"C:\\App\\haidoc-be\\api\\product.js","statementMap":{"0":{"start":{"line":1,"column":15},"end":{"line":1,"column":42}},"1":{"start":{"line":2,"column":13},"end":{"line":2,"column":28}},"2":{"start":{"line":3,"column":13},"end":{"line":3,"column":28}},"3":{"start":{"line":5,"column":23},"end":{"line":5,"column":63}},"4":{"start":{"line":7,"column":19},"end":{"line":7,"column":57}},"5":{"start":{"line":8,"column":22},"end":{"line":8,"column":57}},"6":{"start":{"line":9,"column":22},"end":{"line":9,"column":57}},"7":{"start":{"line":13,"column":4},"end":{"line":13,"column":34}},"8":{"start":{"line":14,"column":20},"end":{"line":14,"column":57}},"9":{"start":{"line":16,"column":22},"end":{"line":24,"column":1}},"10":{"start":{"line":17,"column":2},"end":{"line":23,"column":3}},"11":{"start":{"line":18,"column":17},"end":{"line":18,"column":61}},"12":{"start":{"line":20,"column":4},"end":{"line":20,"column":76}},"13":{"start":{"line":22,"column":4},"end":{"line":22,"column":54}},"14":{"start":{"line":26,"column":23},"end":{"line":36,"column":1}},"15":{"start":{"line":27,"column":2},"end":{"line":35,"column":3}},"16":{"start":{"line":28,"column":17},"end":{"line":28,"column":66}},"17":{"start":{"line":30,"column":4},"end":{"line":30,"column":76}},"18":{"start":{"line":32,"column":4},"end":{"line":34,"column":46}},"19":{"start":{"line":38,"column":22},"end":{"line":68,"column":1}},"20":{"start":{"line":40,"column":2},"end":{"line":67,"column":3}},"21":{"start":{"line":41,"column":4},"end":{"line":42,"column":61}},"22":{"start":{"line":42,"column":6},"end":{"line":42,"column":61}},"23":{"start":{"line":44,"column":4},"end":{"line":44,"column":74}},"24":{"start":{"line":44,"column":31},"end":{"line":44,"column":74}},"25":{"start":{"line":46,"column":4},"end":{"line":46,"column":43}},"26":{"start":{"line":48,"column":4},"end":{"line":48,"column":75}},"27":{"start":{"line":50,"column":4},"end":{"line":50,"column":75}},"28":{"start":{"line":50,"column":27},"end":{"line":50,"column":75}},"29":{"start":{"line":52,"column":21},"end":{"line":55,"column":6}},"30":{"start":{"line":57,"column":4},"end":{"line":59,"column":73}},"31":{"start":{"line":61,"column":4},"end":{"line":63,"column":5}},"32":{"start":{"line":62,"column":6},"end":{"line":62,"column":64}},"33":{"start":{"line":64,"column":4},"end":{"line":66,"column":46}},"34":{"start":{"line":70,"column":22},"end":{"line":105,"column":1}},"35":{"start":{"line":72,"column":2},"end":{"line":104,"column":3}},"36":{"start":{"line":73,"column":20},"end":{"line":73,"column":69}},"37":{"start":{"line":75,"column":4},"end":{"line":76,"column":61}},"38":{"start":{"line":76,"column":6},"end":{"line":76,"column":61}},"39":{"start":{"line":78,"column":4},"end":{"line":90,"column":5}},"40":{"start":{"line":79,"column":24},"end":{"line":79,"column":49}},"41":{"start":{"line":80,"column":23},"end":{"line":83,"column":7}},"42":{"start":{"line":84,"column":6},"end":{"line":86,"column":7}},"43":{"start":{"line":85,"column":8},"end":{"line":85,"column":53}},"44":{"start":{"line":88,"column":6},"end":{"line":88,"column":77}},"45":{"start":{"line":89,"column":6},"end":{"line":89,"column":77}},"46":{"start":{"line":89,"column":29},"end":{"line":89,"column":77}},"47":{"start":{"line":92,"column":4},"end":{"line":92,"column":43}},"48":{"start":{"line":94,"column":4},"end":{"line":97,"column":6}},"49":{"start":{"line":99,"column":4},"end":{"line":99,"column":64}},"50":{"start":{"line":101,"column":4},"end":{"line":103,"column":46}},"51":{"start":{"line":107,"column":22},"end":{"line":118,"column":1}},"52":{"start":{"line":108,"column":2},"end":{"line":117,"column":3}},"53":{"start":{"line":109,"column":4},"end":{"line":109,"column":53}},"54":{"start":{"line":111,"column":4},"end":{"line":111,"column":64}},"55":{"start":{"line":113,"column":4},"end":{"line":113,"column":21}},"56":{"start":{"line":114,"column":4},"end":{"line":116,"column":46}},"57":{"start":{"line":120,"column":0},"end":{"line":120,"column":31}},"58":{"start":{"line":121,"column":0},"end":{"line":121,"column":35}},"59":{"start":{"line":122,"column":0},"end":{"line":128,"column":2}},"60":{"start":{"line":129,"column":0},"end":{"line":135,"column":2}},"61":{"start":{"line":136,"column":0},"end":{"line":141,"column":2}},"62":{"start":{"line":143,"column":0},"end":{"line":143,"column":24}}},"fnMap":{"0":{"name":"(anonymous_0)","decl":{"start":{"line":16,"column":22},"end":{"line":16,"column":23}},"loc":{"start":{"line":16,"column":42},"end":{"line":24,"column":1}},"line":16},"1":{"name":"(anonymous_1)","decl":{"start":{"line":26,"column":23},"end":{"line":26,"column":24}},"loc":{"start":{"line":26,"column":43},"end":{"line":36,"column":1}},"line":26},"2":{"name":"(anonymous_2)","decl":{"start":{"line":38,"column":22},"end":{"line":38,"column":23}},"loc":{"start":{"line":38,"column":42},"end":{"line":68,"column":1}},"line":38},"3":{"name":"(anonymous_3)","decl":{"start":{"line":70,"column":22},"end":{"line":70,"column":23}},"loc":{"start":{"line":70,"column":42},"end":{"line":105,"column":1}},"line":70},"4":{"name":"(anonymous_4)","decl":{"start":{"line":107,"column":22},"end":{"line":107,"column":23}},"loc":{"start":{"line":107,"column":42},"end":{"line":118,"column":1}},"line":107}},"branchMap":{"0":{"loc":{"start":{"line":41,"column":4},"end":{"line":42,"column":61}},"type":"if","locations":[{"start":{"line":41,"column":4},"end":{"line":42,"column":61}},{"start":{},"end":{}}],"line":41},"1":{"loc":{"start":{"line":44,"column":4},"end":{"line":44,"column":74}},"type":"if","locations":[{"start":{"line":44,"column":4},"end":{"line":44,"column":74}},{"start":{},"end":{}}],"line":44},"2":{"loc":{"start":{"line":50,"column":4},"end":{"line":50,"column":75}},"type":"if","locations":[{"start":{"line":50,"column":4},"end":{"line":50,"column":75}},{"start":{},"end":{}}],"line":50},"3":{"loc":{"start":{"line":61,"column":4},"end":{"line":63,"column":5}},"type":"if","locations":[{"start":{"line":61,"column":4},"end":{"line":63,"column":5}},{"start":{},"end":{}}],"line":61},"4":{"loc":{"start":{"line":75,"column":4},"end":{"line":76,"column":61}},"type":"if","locations":[{"start":{"line":75,"column":4},"end":{"line":76,"column":61}},{"start":{},"end":{}}],"line":75},"5":{"loc":{"start":{"line":78,"column":4},"end":{"line":90,"column":5}},"type":"if","locations":[{"start":{"line":78,"column":4},"end":{"line":90,"column":5}},{"start":{},"end":{}}],"line":78},"6":{"loc":{"start":{"line":84,"column":6},"end":{"line":86,"column":7}},"type":"if","locations":[{"start":{"line":84,"column":6},"end":{"line":86,"column":7}},{"start":{},"end":{}}],"line":84},"7":{"loc":{"start":{"line":89,"column":6},"end":{"line":89,"column":77}},"type":"if","locations":[{"start":{"line":89,"column":6},"end":{"line":89,"column":77}},{"start":{},"end":{}}],"line":89}},"s":{"0":1,"1":1,"2":1,"3":1,"4":1,"5":1,"6":1,"7":1,"8":1,"9":1,"10":1,"11":1,"12":1,"13":0,"14":1,"15":2,"16":2,"17":1,"18":1,"19":1,"20":2,"21":2,"22":0,"23":2,"24":1,"25":1,"26":1,"27":1,"28":0,"29":1,"30":1,"31":1,"32":0,"33":1,"34":1,"35":0,"36":0,"37":0,"38":0,"39":0,"40":0,"41":0,"42":0,"43":0,"44":0,"45":0,"46":0,"47":0,"48":0,"49":0,"50":0,"51":1,"52":0,"53":0,"54":0,"55":0,"56":0,"57":1,"58":1,"59":1,"60":1,"61":1,"62":1},"f":{"0":1,"1":2,"2":2,"3":0,"4":0},"b":{"0":[0,2],"1":[1,1],"2":[0,1],"3":[0,1],"4":[0,0],"5":[0,0],"6":[0,0],"7":[0,0]},"_coverageSchema":"1a1c01bbd47fc00a2c39e90264f33305004495a9","hash":"7dd1d968966683c1049bd7496051ff2c27518737"}
,"C:\\App\\haidoc-be\\helpers\\generalHelper.js": {"path":"C:\\App\\haidoc-be\\helpers\\generalHelper.js","statementMap":{"0":{"start":{"line":1,"column":13},"end":{"line":1,"column":28}},"1":{"start":{"line":2,"column":16},"end":{"line":2,"column":34}},"2":{"start":{"line":4,"column":12},"end":{"line":4,"column":21}},"3":{"start":{"line":6,"column":22},"end":{"line":42,"column":1}},"4":{"start":{"line":7,"column":2},"end":{"line":39,"column":3}},"5":{"start":{"line":14,"column":6},"end":{"line":14,"column":70}},"6":{"start":{"line":16,"column":4},"end":{"line":23,"column":5}},"7":{"start":{"line":17,"column":6},"end":{"line":22,"column":7}},"8":{"start":{"line":19,"column":10},"end":{"line":19,"column":23}},"9":{"start":{"line":21,"column":10},"end":{"line":21,"column":42}},"10":{"start":{"line":25,"column":4},"end":{"line":38,"column":5}},"11":{"start":{"line":27,"column":8},"end":{"line":27,"column":64}},"12":{"start":{"line":29,"column":8},"end":{"line":29,"column":66}},"13":{"start":{"line":31,"column":8},"end":{"line":31,"column":65}},"14":{"start":{"line":33,"column":8},"end":{"line":33,"column":67}},"15":{"start":{"line":35,"column":8},"end":{"line":35,"column":69}},"16":{"start":{"line":37,"column":8},"end":{"line":37,"column":40}},"17":{"start":{"line":41,"column":2},"end":{"line":41,"column":34}},"18":{"start":{"line":44,"column":23},"end":{"line":76,"column":1}},"19":{"start":{"line":45,"column":2},"end":{"line":75,"column":3}},"20":{"start":{"line":52,"column":6},"end":{"line":52,"column":70}},"21":{"start":{"line":54,"column":4},"end":{"line":61,"column":5}},"22":{"start":{"line":55,"column":6},"end":{"line":60,"column":7}},"23":{"start":{"line":57,"column":10},"end":{"line":57,"column":23}},"24":{"start":{"line":59,"column":10},"end":{"line":59,"column":42}},"25":{"start":{"line":63,"column":4},"end":{"line":74,"column":5}},"26":{"start":{"line":65,"column":8},"end":{"line":65,"column":19}},"27":{"start":{"line":67,"column":8},"end":{"line":67,"column":19}},"28":{"start":{"line":69,"column":8},"end":{"line":69,"column":19}},"29":{"start":{"line":71,"column":8},"end":{"line":71,"column":19}},"30":{"start":{"line":73,"column":8},"end":{"line":73,"column":19}},"31":{"start":{"line":78,"column":25},"end":{"line":108,"column":1}},"32":{"start":{"line":80,"column":2},"end":{"line":80,"column":26}},"33":{"start":{"line":81,"column":2},"end":{"line":85,"column":4}},"34":{"start":{"line":87,"column":2},"end":{"line":103,"column":5}},"35":{"start":{"line":88,"column":20},"end":{"line":88,"column":28}},"36":{"start":{"line":89,"column":4},"end":{"line":100,"column":6}},"37":{"start":{"line":90,"column":6},"end":{"line":90,"column":25}},"38":{"start":{"line":92,"column":8},"end":{"line":92,"column":65}},"39":{"start":{"line":93,"column":25},"end":{"line":93,"column":29}},"40":{"start":{"line":95,"column":6},"end":{"line":97,"column":7}},"41":{"start":{"line":96,"column":8},"end":{"line":96,"column":43}},"42":{"start":{"line":99,"column":6},"end":{"line":99,"column":55}},"43":{"start":{"line":102,"column":4},"end":{"line":102,"column":11}},"44":{"start":{"line":105,"column":2},"end":{"line":105,"column":24}},"45":{"start":{"line":107,"column":2},"end":{"line":107,"column":36}},"46":{"start":{"line":110,"column":0},"end":{"line":114,"column":2}}},"fnMap":{"0":{"name":"(anonymous_0)","decl":{"start":{"line":6,"column":22},"end":{"line":6,"column":23}},"loc":{"start":{"line":6,"column":33},"end":{"line":42,"column":1}},"line":6},"1":{"name":"(anonymous_1)","decl":{"start":{"line":44,"column":23},"end":{"line":44,"column":24}},"loc":{"start":{"line":44,"column":34},"end":{"line":76,"column":1}},"line":44},"2":{"name":"(anonymous_2)","decl":{"start":{"line":78,"column":25},"end":{"line":78,"column":26}},"loc":{"start":{"line":78,"column":43},"end":{"line":108,"column":1}},"line":78},"3":{"name":"(anonymous_3)","decl":{"start":{"line":87,"column":10},"end":{"line":87,"column":11}},"loc":{"start":{"line":87,"column":30},"end":{"line":103,"column":3}},"line":87},"4":{"name":"(anonymous_4)","decl":{"start":{"line":89,"column":15},"end":{"line":89,"column":16}},"loc":{"start":{"line":89,"column":31},"end":{"line":100,"column":5}},"line":89},"5":{"name":"(anonymous_5)","decl":{"start":{"line":107,"column":26},"end":{"line":107,"column":27}},"loc":{"start":{"line":107,"column":32},"end":{"line":107,"column":34}},"line":107}},"branchMap":{"0":{"loc":{"start":{"line":7,"column":2},"end":{"line":39,"column":3}},"type":"if","locations":[{"start":{"line":7,"column":2},"end":{"line":39,"column":3}},{"start":{},"end":{}}],"line":7},"1":{"loc":{"start":{"line":8,"column":4},"end":{"line":11,"column":35}},"type":"binary-expr","locations":[{"start":{"line":8,"column":4},"end":{"line":8,"column":9}},{"start":{"line":9,"column":4},"end":{"line":9,"column":16}},{"start":{"line":10,"column":4},"end":{"line":10,"column":24}},{"start":{"line":11,"column":4},"end":{"line":11,"column":35}}],"line":8},"2":{"loc":{"start":{"line":14,"column":6},"end":{"line":14,"column":70}},"type":"cond-expr","locations":[{"start":{"line":14,"column":53},"end":{"line":14,"column":63}},{"start":{"line":14,"column":66},"end":{"line":14,"column":70}}],"line":14},"3":{"loc":{"start":{"line":14,"column":6},"end":{"line":14,"column":50}},"type":"binary-expr","locations":[{"start":{"line":14,"column":6},"end":{"line":14,"column":16}},{"start":{"line":14,"column":20},"end":{"line":14,"column":50}}],"line":14},"4":{"loc":{"start":{"line":16,"column":4},"end":{"line":23,"column":5}},"type":"if","locations":[{"start":{"line":16,"column":4},"end":{"line":23,"column":5}},{"start":{},"end":{}}],"line":16},"5":{"loc":{"start":{"line":16,"column":8},"end":{"line":16,"column":52}},"type":"binary-expr","locations":[{"start":{"line":16,"column":8},"end":{"line":16,"column":18}},{"start":{"line":16,"column":22},"end":{"line":16,"column":52}}],"line":16},"6":{"loc":{"start":{"line":17,"column":6},"end":{"line":22,"column":7}},"type":"switch","locations":[{"start":{"line":18,"column":8},"end":{"line":19,"column":23}},{"start":{"line":20,"column":8},"end":{"line":21,"column":42}}],"line":17},"7":{"loc":{"start":{"line":25,"column":4},"end":{"line":38,"column":5}},"type":"switch","locations":[{"start":{"line":26,"column":6},"end":{"line":27,"column":64}},{"start":{"line":28,"column":6},"end":{"line":29,"column":66}},{"start":{"line":30,"column":6},"end":{"line":31,"column":65}},{"start":{"line":32,"column":6},"end":{"line":33,"column":67}},{"start":{"line":34,"column":6},"end":{"line":35,"column":69}},{"start":{"line":36,"column":6},"end":{"line":37,"column":40}}],"line":25},"8":{"loc":{"start":{"line":45,"column":2},"end":{"line":75,"column":3}},"type":"if","locations":[{"start":{"line":45,"column":2},"end":{"line":75,"column":3}},{"start":{},"end":{}}],"line":45},"9":{"loc":{"start":{"line":46,"column":4},"end":{"line":49,"column":35}},"type":"binary-expr","locations":[{"start":{"line":46,"column":4},"end":{"line":46,"column":9}},{"start":{"line":47,"column":4},"end":{"line":47,"column":16}},{"start":{"line":48,"column":4},"end":{"line":48,"column":24}},{"start":{"line":49,"column":4},"end":{"line":49,"column":35}}],"line":46},"10":{"loc":{"start":{"line":52,"column":6},"end":{"line":52,"column":70}},"type":"cond-expr","locations":[{"start":{"line":52,"column":53},"end":{"line":52,"column":63}},{"start":{"line":52,"column":66},"end":{"line":52,"column":70}}],"line":52},"11":{"loc":{"start":{"line":52,"column":6},"end":{"line":52,"column":50}},"type":"binary-expr","locations":[{"start":{"line":52,"column":6},"end":{"line":52,"column":16}},{"start":{"line":52,"column":20},"end":{"line":52,"column":50}}],"line":52},"12":{"loc":{"start":{"line":54,"column":4},"end":{"line":61,"column":5}},"type":"if","locations":[{"start":{"line":54,"column":4},"end":{"line":61,"column":5}},{"start":{},"end":{}}],"line":54},"13":{"loc":{"start":{"line":54,"column":8},"end":{"line":54,"column":52}},"type":"binary-expr","locations":[{"start":{"line":54,"column":8},"end":{"line":54,"column":18}},{"start":{"line":54,"column":22},"end":{"line":54,"column":52}}],"line":54},"14":{"loc":{"start":{"line":55,"column":6},"end":{"line":60,"column":7}},"type":"switch","locations":[{"start":{"line":56,"column":8},"end":{"line":57,"column":23}},{"start":{"line":58,"column":8},"end":{"line":59,"column":42}}],"line":55},"15":{"loc":{"start":{"line":63,"column":4},"end":{"line":74,"column":5}},"type":"switch","locations":[{"start":{"line":64,"column":6},"end":{"line":65,"column":19}},{"start":{"line":66,"column":6},"end":{"line":67,"column":19}},{"start":{"line":68,"column":6},"end":{"line":69,"column":19}},{"start":{"line":70,"column":6},"end":{"line":71,"column":19}},{"start":{"line":72,"column":6},"end":{"line":73,"column":19}}],"line":63},"16":{"loc":{"start":{"line":92,"column":8},"end":{"line":92,"column":65}},"type":"binary-expr","locations":[{"start":{"line":92,"column":9},"end":{"line":92,"column":20}},{"start":{"line":92,"column":24},"end":{"line":92,"column":46}},{"start":{"line":92,"column":51},"end":{"line":92,"column":65}}],"line":92},"17":{"loc":{"start":{"line":95,"column":6},"end":{"line":97,"column":7}},"type":"if","locations":[{"start":{"line":95,"column":6},"end":{"line":97,"column":7}},{"start":{},"end":{}}],"line":95},"18":{"loc":{"start":{"line":95,"column":10},"end":{"line":95,"column":43}},"type":"binary-expr","locations":[{"start":{"line":95,"column":10},"end":{"line":95,"column":28}},{"start":{"line":95,"column":32},"end":{"line":95,"column":43}}],"line":95}},"s":{"0":1,"1":1,"2":1,"3":1,"4":4,"5":4,"6":4,"7":0,"8":0,"9":0,"10":4,"11":0,"12":1,"13":1,"14":1,"15":1,"16":0,"17":0,"18":1,"19":1,"20":1,"21":1,"22":0,"23":0,"24":0,"25":1,"26":0,"27":0,"28":1,"29":0,"30":0,"31":1,"32":1,"33":1,"34":1,"35":8,"36":8,"37":7,"38":7,"39":7,"40":7,"41":4,"42":7,"43":8,"44":1,"45":1,"46":1},"f":{"0":4,"1":1,"2":1,"3":8,"4":7,"5":1},"b":{"0":[4,0],"1":[4,4,4,4],"2":[0,4],"3":[4,0],"4":[0,4],"5":[4,0],"6":[0,0],"7":[0,1,1,1,1,0],"8":[1,0],"9":[1,1,1,1],"10":[0,1],"11":[1,0],"12":[0,1],"13":[1,0],"14":[0,0],"15":[0,0,1,0,0],"16":[7,4,3],"17":[4,3],"18":[7,5]},"_coverageSchema":"1a1c01bbd47fc00a2c39e90264f33305004495a9","hash":"15dcbbd5983d202a9d122e71fabb8e975b4fa53c"}
,"C:\\App\\haidoc-be\\helpers\\productHelper.js": {"path":"C:\\App\\haidoc-be\\helpers\\productHelper.js","statementMap":{"0":{"start":{"line":1,"column":13},"end":{"line":1,"column":28}},"1":{"start":{"line":2,"column":11},"end":{"line":2,"column":31}},"2":{"start":{"line":3,"column":10},"end":{"line":3,"column":27}},"3":{"start":{"line":4,"column":13},"end":{"line":4,"column":28}},"4":{"start":{"line":5,"column":15},"end":{"line":5,"column":35}},"5":{"start":{"line":7,"column":32},"end":{"line":7,"column":62}},"6":{"start":{"line":9,"column":22},"end":{"line":26,"column":1}},"7":{"start":{"line":10,"column":17},"end":{"line":19,"column":4}},"8":{"start":{"line":21,"column":2},"end":{"line":23,"column":3}},"9":{"start":{"line":22,"column":4},"end":{"line":22,"column":62}},"10":{"start":{"line":25,"column":2},"end":{"line":25,"column":33}},"11":{"start":{"line":28,"column":23},"end":{"line":38,"column":1}},"12":{"start":{"line":29,"column":17},"end":{"line":31,"column":4}},"13":{"start":{"line":33,"column":2},"end":{"line":35,"column":3}},"14":{"start":{"line":34,"column":4},"end":{"line":34,"column":62}},"15":{"start":{"line":37,"column":2},"end":{"line":37,"column":33}},"16":{"start":{"line":40,"column":22},"end":{"line":54,"column":1}},"17":{"start":{"line":41,"column":17},"end":{"line":51,"column":4}},"18":{"start":{"line":53,"column":2},"end":{"line":53,"column":33}},"19":{"start":{"line":56,"column":22},"end":{"line":71,"column":1}},"20":{"start":{"line":57,"column":2},"end":{"line":70,"column":4}},"21":{"start":{"line":73,"column":22},"end":{"line":87,"column":1}},"22":{"start":{"line":74,"column":18},"end":{"line":74,"column":42}},"23":{"start":{"line":76,"column":20},"end":{"line":76,"column":45}},"24":{"start":{"line":77,"column":19},"end":{"line":80,"column":3}},"25":{"start":{"line":82,"column":2},"end":{"line":84,"column":3}},"26":{"start":{"line":83,"column":4},"end":{"line":83,"column":49}},"27":{"start":{"line":86,"column":2},"end":{"line":86,"column":46}},"28":{"start":{"line":89,"column":0},"end":{"line":95,"column":2}}},"fnMap":{"0":{"name":"(anonymous_0)","decl":{"start":{"line":9,"column":22},"end":{"line":9,"column":23}},"loc":{"start":{"line":9,"column":39},"end":{"line":26,"column":1}},"line":9},"1":{"name":"(anonymous_1)","decl":{"start":{"line":28,"column":23},"end":{"line":28,"column":24}},"loc":{"start":{"line":28,"column":37},"end":{"line":38,"column":1}},"line":28},"2":{"name":"(anonymous_2)","decl":{"start":{"line":40,"column":22},"end":{"line":40,"column":23}},"loc":{"start":{"line":40,"column":41},"end":{"line":54,"column":1}},"line":40},"3":{"name":"(anonymous_3)","decl":{"start":{"line":56,"column":22},"end":{"line":56,"column":23}},"loc":{"start":{"line":56,"column":45},"end":{"line":71,"column":1}},"line":56},"4":{"name":"(anonymous_4)","decl":{"start":{"line":73,"column":22},"end":{"line":73,"column":23}},"loc":{"start":{"line":73,"column":36},"end":{"line":87,"column":1}},"line":73}},"branchMap":{"0":{"loc":{"start":{"line":12,"column":10},"end":{"line":14,"column":7}},"type":"binary-expr","locations":[{"start":{"line":12,"column":10},"end":{"line":12,"column":21}},{"start":{"line":12,"column":25},"end":{"line":14,"column":7}}],"line":12},"1":{"loc":{"start":{"line":16,"column":11},"end":{"line":16,"column":45}},"type":"binary-expr","locations":[{"start":{"line":16,"column":11},"end":{"line":16,"column":22}},{"start":{"line":16,"column":26},"end":{"line":16,"column":45}}],"line":16},"2":{"loc":{"start":{"line":17,"column":12},"end":{"line":17,"column":66}},"type":"binary-expr","locations":[{"start":{"line":17,"column":12},"end":{"line":17,"column":22}},{"start":{"line":17,"column":26},"end":{"line":17,"column":66}}],"line":17},"3":{"loc":{"start":{"line":21,"column":2},"end":{"line":23,"column":3}},"type":"if","locations":[{"start":{"line":21,"column":2},"end":{"line":23,"column":3}},{"start":{},"end":{}}],"line":21},"4":{"loc":{"start":{"line":33,"column":2},"end":{"line":35,"column":3}},"type":"if","locations":[{"start":{"line":33,"column":2},"end":{"line":35,"column":3}},{"start":{},"end":{}}],"line":33},"5":{"loc":{"start":{"line":66,"column":16},"end":{"line":66,"column":53}},"type":"binary-expr","locations":[{"start":{"line":66,"column":16},"end":{"line":66,"column":33}},{"start":{"line":66,"column":37},"end":{"line":66,"column":53}}],"line":66},"6":{"loc":{"start":{"line":82,"column":2},"end":{"line":84,"column":3}},"type":"if","locations":[{"start":{"line":82,"column":2},"end":{"line":84,"column":3}},{"start":{},"end":{}}],"line":82}},"s":{"0":1,"1":1,"2":1,"3":1,"4":1,"5":1,"6":1,"7":1,"8":1,"9":0,"10":1,"11":1,"12":2,"13":2,"14":1,"15":1,"16":1,"17":1,"18":1,"19":1,"20":0,"21":1,"22":0,"23":0,"24":0,"25":0,"26":0,"27":0,"28":1},"f":{"0":1,"1":2,"2":1,"3":0,"4":0},"b":{"0":[1,0],"1":[1,0],"2":[1,0],"3":[0,1],"4":[1,1],"5":[0,0],"6":[0,0]},"_coverageSchema":"1a1c01bbd47fc00a2c39e90264f33305004495a9","hash":"d7a5e79354483db6ac33d84ee274833186be37dd"}
,"C:\\App\\haidoc-be\\helpers\\validationHelper.js": {"path":"C:\\App\\haidoc-be\\helpers\\validationHelper.js","statementMap":{"0":{"start":{"line":1,"column":12},"end":{"line":1,"column":26}},"1":{"start":{"line":2,"column":13},"end":{"line":2,"column":28}},"2":{"start":{"line":4,"column":27},"end":{"line":15,"column":1}},"3":{"start":{"line":5,"column":17},"end":{"line":10,"column":4}},"4":{"start":{"line":12,"column":2},"end":{"line":14,"column":3}},"5":{"start":{"line":13,"column":4},"end":{"line":13,"column":55}},"6":{"start":{"line":17,"column":24},"end":{"line":26,"column":1}},"7":{"start":{"line":18,"column":17},"end":{"line":21,"column":4}},"8":{"start":{"line":23,"column":2},"end":{"line":25,"column":3}},"9":{"start":{"line":24,"column":4},"end":{"line":24,"column":55}},"10":{"start":{"line":28,"column":26},"end":{"line":44,"column":1}},"11":{"start":{"line":29,"column":17},"end":{"line":39,"column":4}},"12":{"start":{"line":41,"column":2},"end":{"line":43,"column":3}},"13":{"start":{"line":42,"column":4},"end":{"line":42,"column":55}},"14":{"start":{"line":46,"column":25},"end":{"line":59,"column":1}},"15":{"start":{"line":47,"column":17},"end":{"line":54,"column":4}},"16":{"start":{"line":56,"column":2},"end":{"line":58,"column":3}},"17":{"start":{"line":57,"column":4},"end":{"line":57,"column":55}},"18":{"start":{"line":61,"column":26},"end":{"line":73,"column":1}},"19":{"start":{"line":62,"column":17},"end":{"line":68,"column":4}},"20":{"start":{"line":70,"column":2},"end":{"line":72,"column":3}},"21":{"start":{"line":71,"column":4},"end":{"line":71,"column":55}},"22":{"start":{"line":75,"column":23},"end":{"line":86,"column":1}},"23":{"start":{"line":76,"column":17},"end":{"line":81,"column":4}},"24":{"start":{"line":83,"column":2},"end":{"line":85,"column":3}},"25":{"start":{"line":84,"column":4},"end":{"line":84,"column":55}},"26":{"start":{"line":88,"column":24},"end":{"line":101,"column":1}},"27":{"start":{"line":89,"column":17},"end":{"line":96,"column":4}},"28":{"start":{"line":98,"column":2},"end":{"line":100,"column":3}},"29":{"start":{"line":99,"column":4},"end":{"line":99,"column":55}},"30":{"start":{"line":103,"column":28},"end":{"line":115,"column":1}},"31":{"start":{"line":104,"column":17},"end":{"line":110,"column":4}},"32":{"start":{"line":112,"column":2},"end":{"line":114,"column":3}},"33":{"start":{"line":113,"column":4},"end":{"line":113,"column":55}},"34":{"start":{"line":117,"column":23},"end":{"line":128,"column":1}},"35":{"start":{"line":118,"column":17},"end":{"line":123,"column":4}},"36":{"start":{"line":125,"column":2},"end":{"line":127,"column":3}},"37":{"start":{"line":126,"column":4},"end":{"line":126,"column":55}},"38":{"start":{"line":130,"column":26},"end":{"line":142,"column":1}},"39":{"start":{"line":131,"column":17},"end":{"line":137,"column":4}},"40":{"start":{"line":139,"column":2},"end":{"line":141,"column":3}},"41":{"start":{"line":140,"column":4},"end":{"line":140,"column":55}},"42":{"start":{"line":144,"column":0},"end":{"line":155,"column":2}}},"fnMap":{"0":{"name":"(anonymous_0)","decl":{"start":{"line":4,"column":27},"end":{"line":4,"column":28}},"loc":{"start":{"line":4,"column":37},"end":{"line":15,"column":1}},"line":4},"1":{"name":"(anonymous_1)","decl":{"start":{"line":17,"column":24},"end":{"line":17,"column":25}},"loc":{"start":{"line":17,"column":34},"end":{"line":26,"column":1}},"line":17},"2":{"name":"(anonymous_2)","decl":{"start":{"line":28,"column":26},"end":{"line":28,"column":27}},"loc":{"start":{"line":28,"column":36},"end":{"line":44,"column":1}},"line":28},"3":{"name":"(anonymous_3)","decl":{"start":{"line":46,"column":25},"end":{"line":46,"column":26}},"loc":{"start":{"line":46,"column":35},"end":{"line":59,"column":1}},"line":46},"4":{"name":"(anonymous_4)","decl":{"start":{"line":61,"column":26},"end":{"line":61,"column":27}},"loc":{"start":{"line":61,"column":36},"end":{"line":73,"column":1}},"line":61},"5":{"name":"(anonymous_5)","decl":{"start":{"line":75,"column":23},"end":{"line":75,"column":24}},"loc":{"start":{"line":75,"column":33},"end":{"line":86,"column":1}},"line":75},"6":{"name":"(anonymous_6)","decl":{"start":{"line":88,"column":24},"end":{"line":88,"column":25}},"loc":{"start":{"line":88,"column":34},"end":{"line":101,"column":1}},"line":88},"7":{"name":"(anonymous_7)","decl":{"start":{"line":103,"column":28},"end":{"line":103,"column":29}},"loc":{"start":{"line":103,"column":38},"end":{"line":115,"column":1}},"line":103},"8":{"name":"(anonymous_8)","decl":{"start":{"line":117,"column":23},"end":{"line":117,"column":24}},"loc":{"start":{"line":117,"column":33},"end":{"line":128,"column":1}},"line":117},"9":{"name":"(anonymous_9)","decl":{"start":{"line":130,"column":26},"end":{"line":130,"column":27}},"loc":{"start":{"line":130,"column":36},"end":{"line":142,"column":1}},"line":130}},"branchMap":{"0":{"loc":{"start":{"line":12,"column":2},"end":{"line":14,"column":3}},"type":"if","locations":[{"start":{"line":12,"column":2},"end":{"line":14,"column":3}},{"start":{},"end":{}}],"line":12},"1":{"loc":{"start":{"line":23,"column":2},"end":{"line":25,"column":3}},"type":"if","locations":[{"start":{"line":23,"column":2},"end":{"line":25,"column":3}},{"start":{},"end":{}}],"line":23},"2":{"loc":{"start":{"line":41,"column":2},"end":{"line":43,"column":3}},"type":"if","locations":[{"start":{"line":41,"column":2},"end":{"line":43,"column":3}},{"start":{},"end":{}}],"line":41},"3":{"loc":{"start":{"line":56,"column":2},"end":{"line":58,"column":3}},"type":"if","locations":[{"start":{"line":56,"column":2},"end":{"line":58,"column":3}},{"start":{},"end":{}}],"line":56},"4":{"loc":{"start":{"line":70,"column":2},"end":{"line":72,"column":3}},"type":"if","locations":[{"start":{"line":70,"column":2},"end":{"line":72,"column":3}},{"start":{},"end":{}}],"line":70},"5":{"loc":{"start":{"line":83,"column":2},"end":{"line":85,"column":3}},"type":"if","locations":[{"start":{"line":83,"column":2},"end":{"line":85,"column":3}},{"start":{},"end":{}}],"line":83},"6":{"loc":{"start":{"line":98,"column":2},"end":{"line":100,"column":3}},"type":"if","locations":[{"start":{"line":98,"column":2},"end":{"line":100,"column":3}},{"start":{},"end":{}}],"line":98},"7":{"loc":{"start":{"line":112,"column":2},"end":{"line":114,"column":3}},"type":"if","locations":[{"start":{"line":112,"column":2},"end":{"line":114,"column":3}},{"start":{},"end":{}}],"line":112},"8":{"loc":{"start":{"line":125,"column":2},"end":{"line":127,"column":3}},"type":"if","locations":[{"start":{"line":125,"column":2},"end":{"line":127,"column":3}},{"start":{},"end":{}}],"line":125},"9":{"loc":{"start":{"line":139,"column":2},"end":{"line":141,"column":3}},"type":"if","locations":[{"start":{"line":139,"column":2},"end":{"line":141,"column":3}},{"start":{},"end":{}}],"line":139}},"s":{"0":1,"1":1,"2":1,"3":0,"4":0,"5":0,"6":1,"7":0,"8":0,"9":0,"10":1,"11":1,"12":1,"13":0,"14":1,"15":0,"16":0,"17":0,"18":1,"19":0,"20":0,"21":0,"22":1,"23":0,"24":0,"25":0,"26":1,"27":0,"28":0,"29":0,"30":1,"31":0,"32":0,"33":0,"34":1,"35":0,"36":0,"37":0,"38":1,"39":0,"40":0,"41":0,"42":1},"f":{"0":0,"1":0,"2":1,"3":0,"4":0,"5":0,"6":0,"7":0,"8":0,"9":0},"b":{"0":[0,0],"1":[0,0],"2":[0,1],"3":[0,0],"4":[0,0],"5":[0,0],"6":[0,0],"7":[0,0],"8":[0,0],"9":[0,0]},"_coverageSchema":"1a1c01bbd47fc00a2c39e90264f33305004495a9","hash":"283b15f8b121ae277d839eb85b4b0dd066aaae06"}
,"C:\\App\\haidoc-be\\middlewares\\authMiddleware.js": {"path":"C:\\App\\haidoc-be\\middlewares\\authMiddleware.js","statementMap":{"0":{"start":{"line":1,"column":13},"end":{"line":1,"column":28}},"1":{"start":{"line":2,"column":10},"end":{"line":2,"column":27}},"2":{"start":{"line":3,"column":12},"end":{"line":3,"column":35}},"3":{"start":{"line":4,"column":15},"end":{"line":4,"column":32}},"4":{"start":{"line":6,"column":22},"end":{"line":6,"column":57}},"5":{"start":{"line":8,"column":23},"end":{"line":8,"column":73}},"6":{"start":{"line":9,"column":17},"end":{"line":9,"column":55}},"7":{"start":{"line":12,"column":22},"end":{"line":43,"column":1}},"8":{"start":{"line":13,"column":28},"end":{"line":13,"column":43}},"9":{"start":{"line":15,"column":2},"end":{"line":42,"column":3}},"10":{"start":{"line":16,"column":4},"end":{"line":18,"column":5}},"11":{"start":{"line":17,"column":6},"end":{"line":17,"column":32}},"12":{"start":{"line":20,"column":18},"end":{"line":20,"column":45}},"13":{"start":{"line":21,"column":25},"end":{"line":21,"column":58}},"14":{"start":{"line":22,"column":4},"end":{"line":24,"column":5}},"15":{"start":{"line":23,"column":6},"end":{"line":23,"column":32}},"16":{"start":{"line":26,"column":27},"end":{"line":26,"column":61}},"17":{"start":{"line":27,"column":4},"end":{"line":29,"column":5}},"18":{"start":{"line":28,"column":6},"end":{"line":28,"column":32}},"19":{"start":{"line":31,"column":4},"end":{"line":31,"column":45}},"20":{"start":{"line":33,"column":4},"end":{"line":33,"column":18}},"21":{"start":{"line":35,"column":4},"end":{"line":35,"column":74}},"22":{"start":{"line":36,"column":4},"end":{"line":36,"column":21}},"23":{"start":{"line":37,"column":4},"end":{"line":41,"column":6}},"24":{"start":{"line":45,"column":16},"end":{"line":58,"column":1}},"25":{"start":{"line":46,"column":2},"end":{"line":57,"column":3}},"26":{"start":{"line":47,"column":4},"end":{"line":49,"column":5}},"27":{"start":{"line":48,"column":6},"end":{"line":48,"column":29}},"28":{"start":{"line":51,"column":4},"end":{"line":51,"column":18}},"29":{"start":{"line":53,"column":4},"end":{"line":53,"column":68}},"30":{"start":{"line":54,"column":4},"end":{"line":56,"column":46}},"31":{"start":{"line":60,"column":17},"end":{"line":73,"column":1}},"32":{"start":{"line":61,"column":2},"end":{"line":72,"column":3}},"33":{"start":{"line":62,"column":4},"end":{"line":64,"column":5}},"34":{"start":{"line":63,"column":6},"end":{"line":63,"column":29}},"35":{"start":{"line":66,"column":4},"end":{"line":66,"column":18}},"36":{"start":{"line":68,"column":4},"end":{"line":68,"column":74}},"37":{"start":{"line":69,"column":4},"end":{"line":71,"column":46}},"38":{"start":{"line":75,"column":0},"end":{"line":79,"column":2}}},"fnMap":{"0":{"name":"(anonymous_0)","decl":{"start":{"line":12,"column":22},"end":{"line":12,"column":23}},"loc":{"start":{"line":12,"column":48},"end":{"line":43,"column":1}},"line":12},"1":{"name":"(anonymous_1)","decl":{"start":{"line":45,"column":16},"end":{"line":45,"column":17}},"loc":{"start":{"line":45,"column":42},"end":{"line":58,"column":1}},"line":45},"2":{"name":"(anonymous_2)","decl":{"start":{"line":60,"column":17},"end":{"line":60,"column":18}},"loc":{"start":{"line":60,"column":43},"end":{"line":73,"column":1}},"line":60}},"branchMap":{"0":{"loc":{"start":{"line":8,"column":23},"end":{"line":8,"column":73}},"type":"binary-expr","locations":[{"start":{"line":8,"column":23},"end":{"line":8,"column":51}},{"start":{"line":8,"column":55},"end":{"line":8,"column":73}}],"line":8},"1":{"loc":{"start":{"line":16,"column":4},"end":{"line":18,"column":5}},"type":"if","locations":[{"start":{"line":16,"column":4},"end":{"line":18,"column":5}},{"start":{},"end":{}}],"line":16},"2":{"loc":{"start":{"line":22,"column":4},"end":{"line":24,"column":5}},"type":"if","locations":[{"start":{"line":22,"column":4},"end":{"line":24,"column":5}},{"start":{},"end":{}}],"line":22},"3":{"loc":{"start":{"line":22,"column":8},"end":{"line":22,"column":62}},"type":"binary-expr","locations":[{"start":{"line":22,"column":8},"end":{"line":22,"column":31}},{"start":{"line":22,"column":35},"end":{"line":22,"column":62}}],"line":22},"4":{"loc":{"start":{"line":27,"column":4},"end":{"line":29,"column":5}},"type":"if","locations":[{"start":{"line":27,"column":4},"end":{"line":29,"column":5}},{"start":{},"end":{}}],"line":27},"5":{"loc":{"start":{"line":47,"column":4},"end":{"line":49,"column":5}},"type":"if","locations":[{"start":{"line":47,"column":4},"end":{"line":49,"column":5}},{"start":{},"end":{}}],"line":47},"6":{"loc":{"start":{"line":62,"column":4},"end":{"line":64,"column":5}},"type":"if","locations":[{"start":{"line":62,"column":4},"end":{"line":64,"column":5}},{"start":{},"end":{}}],"line":62}},"s":{"0":1,"1":1,"2":1,"3":1,"4":1,"5":1,"6":1,"7":1,"8":4,"9":4,"10":4,"11":1,"12":3,"13":3,"14":3,"15":0,"16":3,"17":3,"18":0,"19":3,"20":3,"21":1,"22":1,"23":1,"24":1,"25":3,"26":3,"27":1,"28":2,"29":1,"30":1,"31":1,"32":0,"33":0,"34":0,"35":0,"36":0,"37":0,"38":1},"f":{"0":4,"1":3,"2":0},"b":{"0":[1,0],"1":[1,3],"2":[0,3],"3":[3,3],"4":[0,3],"5":[1,2],"6":[0,0]},"_coverageSchema":"1a1c01bbd47fc00a2c39e90264f33305004495a9","hash":"b2440f83ec4de019c5f1f24b6009b1f52e0e2172"}
,"C:\\App\\haidoc-be\\middlewares\\uploadMedia.js": {"path":"C:\\App\\haidoc-be\\middlewares\\uploadMedia.js","statementMap":{"0":{"start":{"line":1,"column":15},"end":{"line":1,"column":32}},"1":{"start":{"line":3,"column":16},"end":{"line":3,"column":38}},"2":{"start":{"line":5,"column":19},"end":{"line":18,"column":1}},"3":{"start":{"line":6,"column":2},"end":{"line":16,"column":3}},"4":{"start":{"line":12,"column":4},"end":{"line":14,"column":6}},"5":{"start":{"line":15,"column":4},"end":{"line":15,"column":27}},"6":{"start":{"line":17,"column":2},"end":{"line":17,"column":17}},"7":{"start":{"line":20,"column":20},"end":{"line":24,"column":2}},"8":{"start":{"line":26,"column":0},"end":{"line":26,"column":29}}},"fnMap":{"0":{"name":"(anonymous_0)","decl":{"start":{"line":5,"column":19},"end":{"line":5,"column":20}},"loc":{"start":{"line":5,"column":38},"end":{"line":18,"column":1}},"line":5}},"branchMap":{"0":{"loc":{"start":{"line":6,"column":2},"end":{"line":16,"column":3}},"type":"if","locations":[{"start":{"line":6,"column":2},"end":{"line":16,"column":3}},{"start":{},"end":{}}],"line":6},"1":{"loc":{"start":{"line":7,"column":4},"end":{"line":10,"column":34}},"type":"binary-expr","locations":[{"start":{"line":7,"column":4},"end":{"line":7,"column":34}},{"start":{"line":8,"column":4},"end":{"line":8,"column":33}},{"start":{"line":9,"column":4},"end":{"line":9,"column":33}},{"start":{"line":10,"column":4},"end":{"line":10,"column":34}}],"line":7}},"s":{"0":1,"1":1,"2":1,"3":3,"4":0,"5":0,"6":3,"7":1,"8":1},"f":{"0":3},"b":{"0":[0,3],"1":[3,0,0,0]},"_coverageSchema":"1a1c01bbd47fc00a2c39e90264f33305004495a9","hash":"9372178c143fb721d0db57036cd33e4a8dd4acdb"}
,"C:\\App\\haidoc-be\\models\\address.js": {"path":"C:\\App\\haidoc-be\\models\\address.js","statementMap":{"0":{"start":{"line":4,"column":4},"end":{"line":4,"column":24}},"1":{"start":{"line":5,"column":0},"end":{"line":26,"column":2}},"2":{"start":{"line":16,"column":2},"end":{"line":24,"column":5}},"3":{"start":{"line":25,"column":2},"end":{"line":25,"column":17}}},"fnMap":{"0":{"name":"(anonymous_0)","decl":{"start":{"line":5,"column":17},"end":{"line":5,"column":18}},"loc":{"start":{"line":5,"column":43},"end":{"line":26,"column":1}},"line":5},"1":{"name":"(anonymous_1)","decl":{"start":{"line":12,"column":4},"end":{"line":12,"column":5}},"loc":{"start":{"line":12,"column":29},"end":{"line":14,"column":5}},"line":12}},"branchMap":{},"s":{"0":1,"1":1,"2":1,"3":1},"f":{"0":1,"1":1},"b":{},"_coverageSchema":"1a1c01bbd47fc00a2c39e90264f33305004495a9","hash":"1094d14822b0a44b7f1fd2361b51670208230e92"}
,"C:\\App\\haidoc-be\\models\\cart.js": {"path":"C:\\App\\haidoc-be\\models\\cart.js","statementMap":{"0":{"start":{"line":2,"column":18},"end":{"line":2,"column":38}},"1":{"start":{"line":3,"column":0},"end":{"line":34,"column":2}},"2":{"start":{"line":11,"column":6},"end":{"line":14,"column":9}},"3":{"start":{"line":16,"column":6},"end":{"line":19,"column":9}},"4":{"start":{"line":22,"column":2},"end":{"line":32,"column":4}},"5":{"start":{"line":33,"column":2},"end":{"line":33,"column":14}}},"fnMap":{"0":{"name":"(anonymous_0)","decl":{"start":{"line":3,"column":17},"end":{"line":3,"column":18}},"loc":{"start":{"line":3,"column":43},"end":{"line":34,"column":1}},"line":3},"1":{"name":"(anonymous_1)","decl":{"start":{"line":10,"column":4},"end":{"line":10,"column":5}},"loc":{"start":{"line":10,"column":29},"end":{"line":20,"column":5}},"line":10}},"branchMap":{},"s":{"0":1,"1":1,"2":1,"3":1,"4":1,"5":1},"f":{"0":1,"1":1},"b":{},"_coverageSchema":"1a1c01bbd47fc00a2c39e90264f33305004495a9","hash":"7a1ccd1c6bb7d19ccb05f07d33a0ac5c766f79e0"}
,"C:\\App\\haidoc-be\\models\\chat.js": {"path":"C:\\App\\haidoc-be\\models\\chat.js","statementMap":{"0":{"start":{"line":2,"column":18},"end":{"line":2,"column":38}},"1":{"start":{"line":3,"column":0},"end":{"line":41,"column":2}},"2":{"start":{"line":11,"column":6},"end":{"line":15,"column":9}},"3":{"start":{"line":17,"column":6},"end":{"line":20,"column":9}},"4":{"start":{"line":22,"column":6},"end":{"line":26,"column":9}},"5":{"start":{"line":29,"column":2},"end":{"line":39,"column":4}},"6":{"start":{"line":40,"column":2},"end":{"line":40,"column":14}}},"fnMap":{"0":{"name":"(anonymous_0)","decl":{"start":{"line":3,"column":17},"end":{"line":3,"column":18}},"loc":{"start":{"line":3,"column":43},"end":{"line":41,"column":1}},"line":3},"1":{"name":"(anonymous_1)","decl":{"start":{"line":10,"column":4},"end":{"line":10,"column":5}},"loc":{"start":{"line":10,"column":29},"end":{"line":27,"column":5}},"line":10}},"branchMap":{},"s":{"0":1,"1":1,"2":1,"3":1,"4":1,"5":1,"6":1},"f":{"0":1,"1":1},"b":{},"_coverageSchema":"1a1c01bbd47fc00a2c39e90264f33305004495a9","hash":"e212ce8b92b71c206dc87f8de3d5b19707e1c6a4"}
,"C:\\App\\haidoc-be\\models\\doctor.js": {"path":"C:\\App\\haidoc-be\\models\\doctor.js","statementMap":{"0":{"start":{"line":2,"column":18},"end":{"line":2,"column":38}},"1":{"start":{"line":3,"column":0},"end":{"line":33,"column":2}},"2":{"start":{"line":11,"column":6},"end":{"line":14,"column":9}},"3":{"start":{"line":17,"column":2},"end":{"line":31,"column":4}},"4":{"start":{"line":32,"column":2},"end":{"line":32,"column":16}}},"fnMap":{"0":{"name":"(anonymous_0)","decl":{"start":{"line":3,"column":17},"end":{"line":3,"column":18}},"loc":{"start":{"line":3,"column":43},"end":{"line":33,"column":1}},"line":3},"1":{"name":"(anonymous_1)","decl":{"start":{"line":10,"column":4},"end":{"line":10,"column":5}},"loc":{"start":{"line":10,"column":29},"end":{"line":15,"column":5}},"line":10}},"branchMap":{},"s":{"0":1,"1":1,"2":1,"3":1,"4":1},"f":{"0":1,"1":1},"b":{},"_coverageSchema":"1a1c01bbd47fc00a2c39e90264f33305004495a9","hash":"ff7b90539d10cf8584328acb46d412884e3fe05a"}
,"C:\\App\\haidoc-be\\models\\index.js": {"path":"C:\\App\\haidoc-be\\models\\index.js","statementMap":{"0":{"start":{"line":3,"column":11},"end":{"line":3,"column":24}},"1":{"start":{"line":4,"column":13},"end":{"line":4,"column":28}},"2":{"start":{"line":5,"column":18},"end":{"line":5,"column":38}},"3":{"start":{"line":6,"column":16},"end":{"line":6,"column":34}},"4":{"start":{"line":7,"column":17},"end":{"line":7,"column":42}},"5":{"start":{"line":8,"column":12},"end":{"line":8,"column":49}},"6":{"start":{"line":9,"column":15},"end":{"line":9,"column":65}},"7":{"start":{"line":10,"column":11},"end":{"line":10,"column":13}},"8":{"start":{"line":13,"column":0},"end":{"line":17,"column":1}},"9":{"start":{"line":14,"column":2},"end":{"line":14,"column":74}},"10":{"start":{"line":16,"column":2},"end":{"line":16,"column":87}},"11":{"start":{"line":19,"column":0},"end":{"line":32,"column":5}},"12":{"start":{"line":22,"column":4},"end":{"line":27,"column":6}},"13":{"start":{"line":30,"column":18},"end":{"line":30,"column":85}},"14":{"start":{"line":31,"column":4},"end":{"line":31,"column":27}},"15":{"start":{"line":34,"column":0},"end":{"line":38,"column":3}},"16":{"start":{"line":35,"column":2},"end":{"line":37,"column":3}},"17":{"start":{"line":36,"column":4},"end":{"line":36,"column":32}},"18":{"start":{"line":40,"column":0},"end":{"line":40,"column":25}},"19":{"start":{"line":41,"column":0},"end":{"line":41,"column":25}},"20":{"start":{"line":43,"column":0},"end":{"line":43,"column":20}}},"fnMap":{"0":{"name":"(anonymous_0)","decl":{"start":{"line":21,"column":10},"end":{"line":21,"column":11}},"loc":{"start":{"line":21,"column":18},"end":{"line":28,"column":3}},"line":21},"1":{"name":"(anonymous_1)","decl":{"start":{"line":29,"column":11},"end":{"line":29,"column":12}},"loc":{"start":{"line":29,"column":19},"end":{"line":32,"column":3}},"line":29},"2":{"name":"(anonymous_2)","decl":{"start":{"line":34,"column":24},"end":{"line":34,"column":25}},"loc":{"start":{"line":34,"column":37},"end":{"line":38,"column":1}},"line":34}},"branchMap":{"0":{"loc":{"start":{"line":8,"column":12},"end":{"line":8,"column":49}},"type":"binary-expr","locations":[{"start":{"line":8,"column":12},"end":{"line":8,"column":32}},{"start":{"line":8,"column":36},"end":{"line":8,"column":49}}],"line":8},"1":{"loc":{"start":{"line":13,"column":0},"end":{"line":17,"column":1}},"type":"if","locations":[{"start":{"line":13,"column":0},"end":{"line":17,"column":1}},{"start":{"line":15,"column":7},"end":{"line":17,"column":1}}],"line":13},"2":{"loc":{"start":{"line":23,"column":6},"end":{"line":26,"column":37}},"type":"binary-expr","locations":[{"start":{"line":23,"column":6},"end":{"line":23,"column":29}},{"start":{"line":24,"column":6},"end":{"line":24,"column":23}},{"start":{"line":25,"column":6},"end":{"line":25,"column":30}},{"start":{"line":26,"column":6},"end":{"line":26,"column":37}}],"line":23},"3":{"loc":{"start":{"line":35,"column":2},"end":{"line":37,"column":3}},"type":"if","locations":[{"start":{"line":35,"column":2},"end":{"line":37,"column":3}},{"start":{},"end":{}}],"line":35}},"s":{"0":1,"1":1,"2":1,"3":1,"4":1,"5":1,"6":1,"7":1,"8":1,"9":0,"10":1,"11":1,"12":10,"13":9,"14":9,"15":1,"16":9,"17":9,"18":1,"19":1,"20":1},"f":{"0":10,"1":9,"2":9},"b":{"0":[1,0],"1":[0,1],"2":[10,10,9,9],"3":[9,0]},"_coverageSchema":"1a1c01bbd47fc00a2c39e90264f33305004495a9","hash":"c7ffd103558cecf2d34d0e0618fcbbded3348d41"}
,"C:\\App\\haidoc-be\\models\\message.js": {"path":"C:\\App\\haidoc-be\\models\\message.js","statementMap":{"0":{"start":{"line":2,"column":18},"end":{"line":2,"column":38}},"1":{"start":{"line":3,"column":0},"end":{"line":27,"column":2}},"2":{"start":{"line":14,"column":2},"end":{"line":25,"column":4}},"3":{"start":{"line":26,"column":2},"end":{"line":26,"column":17}}},"fnMap":{"0":{"name":"(anonymous_0)","decl":{"start":{"line":3,"column":17},"end":{"line":3,"column":18}},"loc":{"start":{"line":3,"column":43},"end":{"line":27,"column":1}},"line":3},"1":{"name":"(anonymous_1)","decl":{"start":{"line":10,"column":4},"end":{"line":10,"column":5}},"loc":{"start":{"line":10,"column":29},"end":{"line":12,"column":5}},"line":10}},"branchMap":{},"s":{"0":1,"1":1,"2":1,"3":1},"f":{"0":1,"1":1},"b":{},"_coverageSchema":"1a1c01bbd47fc00a2c39e90264f33305004495a9","hash":"c9323ad4c87a540a8de50ebfedc77b6b1cf69fc0"}
,"C:\\App\\haidoc-be\\models\\order.js": {"path":"C:\\App\\haidoc-be\\models\\order.js","statementMap":{"0":{"start":{"line":2,"column":18},"end":{"line":2,"column":38}},"1":{"start":{"line":3,"column":0},"end":{"line":31,"column":2}},"2":{"start":{"line":11,"column":6},"end":{"line":14,"column":9}},"3":{"start":{"line":17,"column":2},"end":{"line":29,"column":4}},"4":{"start":{"line":30,"column":2},"end":{"line":30,"column":15}}},"fnMap":{"0":{"name":"(anonymous_0)","decl":{"start":{"line":3,"column":17},"end":{"line":3,"column":18}},"loc":{"start":{"line":3,"column":43},"end":{"line":31,"column":1}},"line":3},"1":{"name":"(anonymous_1)","decl":{"start":{"line":10,"column":4},"end":{"line":10,"column":5}},"loc":{"start":{"line":10,"column":29},"end":{"line":15,"column":5}},"line":10}},"branchMap":{},"s":{"0":1,"1":1,"2":1,"3":1,"4":1},"f":{"0":1,"1":1},"b":{},"_coverageSchema":"1a1c01bbd47fc00a2c39e90264f33305004495a9","hash":"ad991b90e6161e60643018bd1e563a6d50ea0769"}
,"C:\\App\\haidoc-be\\models\\orderitem.js": {"path":"C:\\App\\haidoc-be\\models\\orderitem.js","statementMap":{"0":{"start":{"line":2,"column":18},"end":{"line":2,"column":38}},"1":{"start":{"line":3,"column":0},"end":{"line":27,"column":2}},"2":{"start":{"line":14,"column":2},"end":{"line":25,"column":4}},"3":{"start":{"line":26,"column":2},"end":{"line":26,"column":19}}},"fnMap":{"0":{"name":"(anonymous_0)","decl":{"start":{"line":3,"column":17},"end":{"line":3,"column":18}},"loc":{"start":{"line":3,"column":43},"end":{"line":27,"column":1}},"line":3},"1":{"name":"(anonymous_1)","decl":{"start":{"line":10,"column":4},"end":{"line":10,"column":5}},"loc":{"start":{"line":10,"column":29},"end":{"line":12,"column":5}},"line":10}},"branchMap":{},"s":{"0":1,"1":1,"2":1,"3":1},"f":{"0":1,"1":1},"b":{},"_coverageSchema":"1a1c01bbd47fc00a2c39e90264f33305004495a9","hash":"1df27f222437974c40f6cf355550091e570bbbdf"}
,"C:\\App\\haidoc-be\\models\\product.js": {"path":"C:\\App\\haidoc-be\\models\\product.js","statementMap":{"0":{"start":{"line":2,"column":32},"end":{"line":2,"column":52}},"1":{"start":{"line":3,"column":0},"end":{"line":32,"column":2}},"2":{"start":{"line":14,"column":2},"end":{"line":30,"column":4}},"3":{"start":{"line":31,"column":2},"end":{"line":31,"column":17}}},"fnMap":{"0":{"name":"(anonymous_0)","decl":{"start":{"line":3,"column":17},"end":{"line":3,"column":18}},"loc":{"start":{"line":3,"column":43},"end":{"line":32,"column":1}},"line":3},"1":{"name":"(anonymous_1)","decl":{"start":{"line":10,"column":4},"end":{"line":10,"column":5}},"loc":{"start":{"line":10,"column":29},"end":{"line":12,"column":5}},"line":10}},"branchMap":{},"s":{"0":1,"1":1,"2":1,"3":1},"f":{"0":1,"1":1},"b":{},"_coverageSchema":"1a1c01bbd47fc00a2c39e90264f33305004495a9","hash":"0cc66a4e356da0981aa1ed9ec42c3ed25ae69c49"}
,"C:\\App\\haidoc-be\\models\\user.js": {"path":"C:\\App\\haidoc-be\\models\\user.js","statementMap":{"0":{"start":{"line":2,"column":18},"end":{"line":2,"column":38}},"1":{"start":{"line":3,"column":0},"end":{"line":31,"column":2}},"2":{"start":{"line":11,"column":6},"end":{"line":15,"column":9}},"3":{"start":{"line":18,"column":2},"end":{"line":29,"column":4}},"4":{"start":{"line":30,"column":2},"end":{"line":30,"column":14}}},"fnMap":{"0":{"name":"(anonymous_0)","decl":{"start":{"line":3,"column":17},"end":{"line":3,"column":18}},"loc":{"start":{"line":3,"column":43},"end":{"line":31,"column":1}},"line":3},"1":{"name":"(anonymous_1)","decl":{"start":{"line":10,"column":4},"end":{"line":10,"column":5}},"loc":{"start":{"line":10,"column":29},"end":{"line":16,"column":5}},"line":10}},"branchMap":{},"s":{"0":1,"1":1,"2":1,"3":1,"4":1},"f":{"0":1,"1":1},"b":{},"_coverageSchema":"1a1c01bbd47fc00a2c39e90264f33305004495a9","hash":"bcf55ed4f98d98d0fdfee3d793c4372f9069955c"}
,"C:\\App\\haidoc-be\\utils\\cloudinary.js": {"path":"C:\\App\\haidoc-be\\utils\\cloudinary.js","statementMap":{"0":{"start":{"line":1,"column":15},"end":{"line":1,"column":32}},"1":{"start":{"line":2,"column":19},"end":{"line":2,"column":43}},"2":{"start":{"line":4,"column":0},"end":{"line":4,"column":16}},"3":{"start":{"line":6,"column":0},"end":{"line":10,"column":3}},"4":{"start":{"line":12,"column":27},"end":{"line":41,"column":1}},"5":{"start":{"line":13,"column":2},"end":{"line":40,"column":5}},"6":{"start":{"line":16,"column":4},"end":{"line":39,"column":5}},"7":{"start":{"line":17,"column":6},"end":{"line":29,"column":8}},"8":{"start":{"line":23,"column":10},"end":{"line":27,"column":11}},"9":{"start":{"line":24,"column":12},"end":{"line":24,"column":26}},"10":{"start":{"line":26,"column":12},"end":{"line":26,"column":28}},"11":{"start":{"line":30,"column":6},"end":{"line":30,"column":36}},"12":{"start":{"line":32,"column":6},"end":{"line":38,"column":41}},"13":{"start":{"line":37,"column":26},"end":{"line":37,"column":41}},"14":{"start":{"line":38,"column":26},"end":{"line":38,"column":39}},"15":{"start":{"line":43,"column":28},"end":{"line":53,"column":1}},"16":{"start":{"line":44,"column":2},"end":{"line":52,"column":3}},"17":{"start":{"line":45,"column":21},"end":{"line":47,"column":6}},"18":{"start":{"line":49,"column":4},"end":{"line":49,"column":36}},"19":{"start":{"line":51,"column":4},"end":{"line":51,"column":17}},"20":{"start":{"line":54,"column":0},"end":{"line":57,"column":2}}},"fnMap":{"0":{"name":"(anonymous_0)","decl":{"start":{"line":12,"column":27},"end":{"line":12,"column":28}},"loc":{"start":{"line":12,"column":65},"end":{"line":41,"column":1}},"line":12},"1":{"name":"(anonymous_1)","decl":{"start":{"line":13,"column":21},"end":{"line":13,"column":22}},"loc":{"start":{"line":13,"column":42},"end":{"line":40,"column":3}},"line":13},"2":{"name":"(anonymous_2)","decl":{"start":{"line":22,"column":8},"end":{"line":22,"column":9}},"loc":{"start":{"line":22,"column":27},"end":{"line":28,"column":9}},"line":22},"3":{"name":"(anonymous_3)","decl":{"start":{"line":37,"column":14},"end":{"line":37,"column":15}},"loc":{"start":{"line":37,"column":26},"end":{"line":37,"column":41}},"line":37},"4":{"name":"(anonymous_4)","decl":{"start":{"line":38,"column":15},"end":{"line":38,"column":16}},"loc":{"start":{"line":38,"column":26},"end":{"line":38,"column":39}},"line":38},"5":{"name":"(anonymous_5)","decl":{"start":{"line":43,"column":28},"end":{"line":43,"column":29}},"loc":{"start":{"line":43,"column":62},"end":{"line":53,"column":1}},"line":43}},"branchMap":{"0":{"loc":{"start":{"line":16,"column":4},"end":{"line":39,"column":5}},"type":"if","locations":[{"start":{"line":16,"column":4},"end":{"line":39,"column":5}},{"start":{"line":31,"column":11},"end":{"line":39,"column":5}}],"line":16},"1":{"loc":{"start":{"line":23,"column":10},"end":{"line":27,"column":11}},"type":"if","locations":[{"start":{"line":23,"column":10},"end":{"line":27,"column":11}},{"start":{"line":25,"column":17},"end":{"line":27,"column":11}}],"line":23}},"s":{"0":1,"1":1,"2":1,"3":1,"4":1,"5":1,"6":1,"7":1,"8":1,"9":0,"10":1,"11":1,"12":0,"13":0,"14":0,"15":1,"16":0,"17":0,"18":0,"19":0,"20":1},"f":{"0":1,"1":1,"2":1,"3":0,"4":0,"5":0},"b":{"0":[1,0],"1":[0,1]},"_coverageSchema":"1a1c01bbd47fc00a2c39e90264f33305004495a9","hash":"322a9b08b615fe9554db81aeae18dfe643244d69"}
}
