TN:
SF:api\product.js
FN:16,(anonymous_0)
FN:26,(anonymous_1)
FN:38,(anonymous_2)
FN:70,(anonymous_3)
FN:107,(anonymous_4)
FNF:5
FNH:3
FNDA:1,(anonymous_0)
FNDA:2,(anonymous_1)
FNDA:2,(anonymous_2)
FNDA:0,(anonymous_3)
FNDA:0,(anonymous_4)
DA:1,1
DA:2,1
DA:3,1
DA:5,1
DA:7,1
DA:8,1
DA:9,1
DA:13,1
DA:14,1
DA:16,1
DA:17,1
DA:18,1
DA:20,1
DA:22,0
DA:26,1
DA:27,2
DA:28,2
DA:30,1
DA:32,1
DA:38,1
DA:40,2
DA:41,2
DA:42,0
DA:44,2
DA:46,1
DA:48,1
DA:50,1
DA:52,1
DA:57,1
DA:61,1
DA:62,0
DA:64,1
DA:70,1
DA:72,0
DA:73,0
DA:75,0
DA:76,0
DA:78,0
DA:79,0
DA:80,0
DA:84,0
DA:85,0
DA:88,0
DA:89,0
DA:92,0
DA:94,0
DA:99,0
DA:101,0
DA:107,1
DA:108,0
DA:109,0
DA:111,0
DA:113,0
DA:114,0
DA:120,1
DA:121,1
DA:122,1
DA:129,1
DA:136,1
DA:143,1
LF:60
LH:37
BRDA:41,0,0,0
BRDA:41,0,1,2
BRDA:44,1,0,1
BRDA:44,1,1,1
BRDA:50,2,0,0
BRDA:50,2,1,1
BRDA:61,3,0,0
BRDA:61,3,1,1
BRDA:75,4,0,0
BRDA:75,4,1,0
BRDA:78,5,0,0
BRDA:78,5,1,0
BRDA:84,6,0,0
BRDA:84,6,1,0
BRDA:89,7,0,0
BRDA:89,7,1,0
BRF:16
BRH:5
end_of_record
TN:
SF:helpers\generalHelper.js
FN:6,(anonymous_0)
FN:44,(anonymous_1)
FN:78,(anonymous_2)
FN:87,(anonymous_3)
FN:89,(anonymous_4)
FN:107,(anonymous_5)
FNF:6
FNH:6
FNDA:4,(anonymous_0)
FNDA:1,(anonymous_1)
FNDA:1,(anonymous_2)
FNDA:8,(anonymous_3)
FNDA:7,(anonymous_4)
FNDA:1,(anonymous_5)
DA:1,1
DA:2,1
DA:4,1
DA:6,1
DA:7,4
DA:14,4
DA:16,4
DA:17,0
DA:19,0
DA:21,0
DA:25,4
DA:27,0
DA:29,1
DA:31,1
DA:33,1
DA:35,1
DA:37,0
DA:41,0
DA:44,1
DA:45,1
DA:52,1
DA:54,1
DA:55,0
DA:57,0
DA:59,0
DA:63,1
DA:65,0
DA:67,0
DA:69,1
DA:71,0
DA:73,0
DA:78,1
DA:80,1
DA:81,1
DA:87,1
DA:88,8
DA:89,8
DA:90,7
DA:92,7
DA:93,7
DA:95,7
DA:96,4
DA:99,7
DA:102,8
DA:105,1
DA:107,1
DA:110,1
LF:47
LH:34
BRDA:7,0,0,4
BRDA:7,0,1,0
BRDA:8,1,0,4
BRDA:8,1,1,4
BRDA:8,1,2,4
BRDA:8,1,3,4
BRDA:14,2,0,0
BRDA:14,2,1,4
BRDA:14,3,0,4
BRDA:14,3,1,0
BRDA:16,4,0,0
BRDA:16,4,1,4
BRDA:16,5,0,4
BRDA:16,5,1,0
BRDA:17,6,0,0
BRDA:17,6,1,0
BRDA:25,7,0,0
BRDA:25,7,1,1
BRDA:25,7,2,1
BRDA:25,7,3,1
BRDA:25,7,4,1
BRDA:25,7,5,0
BRDA:45,8,0,1
BRDA:45,8,1,0
BRDA:46,9,0,1
BRDA:46,9,1,1
BRDA:46,9,2,1
BRDA:46,9,3,1
BRDA:52,10,0,0
BRDA:52,10,1,1
BRDA:52,11,0,1
BRDA:52,11,1,0
BRDA:54,12,0,0
BRDA:54,12,1,1
BRDA:54,13,0,1
BRDA:54,13,1,0
BRDA:55,14,0,0
BRDA:55,14,1,0
BRDA:63,15,0,0
BRDA:63,15,1,0
BRDA:63,15,2,1
BRDA:63,15,3,0
BRDA:63,15,4,0
BRDA:92,16,0,7
BRDA:92,16,1,4
BRDA:92,16,2,3
BRDA:95,17,0,4
BRDA:95,17,1,3
BRDA:95,18,0,7
BRDA:95,18,1,5
BRF:50
BRH:30
end_of_record
TN:
SF:helpers\productHelper.js
FN:9,(anonymous_0)
FN:28,(anonymous_1)
FN:40,(anonymous_2)
FN:56,(anonymous_3)
FN:73,(anonymous_4)
FNF:5
FNH:3
FNDA:1,(anonymous_0)
FNDA:2,(anonymous_1)
FNDA:1,(anonymous_2)
FNDA:0,(anonymous_3)
FNDA:0,(anonymous_4)
DA:1,1
DA:2,1
DA:3,1
DA:4,1
DA:5,1
DA:7,1
DA:9,1
DA:10,1
DA:21,1
DA:22,0
DA:25,1
DA:28,1
DA:29,2
DA:33,2
DA:34,1
DA:37,1
DA:40,1
DA:41,1
DA:53,1
DA:56,1
DA:57,0
DA:73,1
DA:74,0
DA:76,0
DA:77,0
DA:82,0
DA:83,0
DA:86,0
DA:89,1
LF:29
LH:21
BRDA:12,0,0,1
BRDA:12,0,1,0
BRDA:16,1,0,1
BRDA:16,1,1,0
BRDA:17,2,0,1
BRDA:17,2,1,0
BRDA:21,3,0,0
BRDA:21,3,1,1
BRDA:33,4,0,1
BRDA:33,4,1,1
BRDA:66,5,0,0
BRDA:66,5,1,0
BRDA:82,6,0,0
BRDA:82,6,1,0
BRF:14
BRH:6
end_of_record
TN:
SF:helpers\validationHelper.js
FN:4,(anonymous_0)
FN:17,(anonymous_1)
FN:28,(anonymous_2)
FN:46,(anonymous_3)
FN:61,(anonymous_4)
FN:75,(anonymous_5)
FN:88,(anonymous_6)
FN:103,(anonymous_7)
FN:117,(anonymous_8)
FN:130,(anonymous_9)
FNF:10
FNH:1
FNDA:0,(anonymous_0)
FNDA:0,(anonymous_1)
FNDA:1,(anonymous_2)
FNDA:0,(anonymous_3)
FNDA:0,(anonymous_4)
FNDA:0,(anonymous_5)
FNDA:0,(anonymous_6)
FNDA:0,(anonymous_7)
FNDA:0,(anonymous_8)
FNDA:0,(anonymous_9)
DA:1,1
DA:2,1
DA:4,1
DA:5,0
DA:12,0
DA:13,0
DA:17,1
DA:18,0
DA:23,0
DA:24,0
DA:28,1
DA:29,1
DA:41,1
DA:42,0
DA:46,1
DA:47,0
DA:56,0
DA:57,0
DA:61,1
DA:62,0
DA:70,0
DA:71,0
DA:75,1
DA:76,0
DA:83,0
DA:84,0
DA:88,1
DA:89,0
DA:98,0
DA:99,0
DA:103,1
DA:104,0
DA:112,0
DA:113,0
DA:117,1
DA:118,0
DA:125,0
DA:126,0
DA:130,1
DA:131,0
DA:139,0
DA:140,0
DA:144,1
LF:43
LH:15
BRDA:12,0,0,0
BRDA:12,0,1,0
BRDA:23,1,0,0
BRDA:23,1,1,0
BRDA:41,2,0,0
BRDA:41,2,1,1
BRDA:56,3,0,0
BRDA:56,3,1,0
BRDA:70,4,0,0
BRDA:70,4,1,0
BRDA:83,5,0,0
BRDA:83,5,1,0
BRDA:98,6,0,0
BRDA:98,6,1,0
BRDA:112,7,0,0
BRDA:112,7,1,0
BRDA:125,8,0,0
BRDA:125,8,1,0
BRDA:139,9,0,0
BRDA:139,9,1,0
BRF:20
BRH:1
end_of_record
TN:
SF:middlewares\authMiddleware.js
FN:12,(anonymous_0)
FN:45,(anonymous_1)
FN:60,(anonymous_2)
FNF:3
FNH:2
FNDA:4,(anonymous_0)
FNDA:3,(anonymous_1)
FNDA:0,(anonymous_2)
DA:1,1
DA:2,1
DA:3,1
DA:4,1
DA:6,1
DA:8,1
DA:9,1
DA:12,1
DA:13,4
DA:15,4
DA:16,4
DA:17,1
DA:20,3
DA:21,3
DA:22,3
DA:23,0
DA:26,3
DA:27,3
DA:28,0
DA:31,3
DA:33,3
DA:35,1
DA:36,1
DA:37,1
DA:45,1
DA:46,3
DA:47,3
DA:48,1
DA:51,2
DA:53,1
DA:54,1
DA:60,1
DA:61,0
DA:62,0
DA:63,0
DA:66,0
DA:68,0
DA:69,0
DA:75,1
LF:39
LH:31
BRDA:8,0,0,1
BRDA:8,0,1,0
BRDA:16,1,0,1
BRDA:16,1,1,3
BRDA:22,2,0,0
BRDA:22,2,1,3
BRDA:22,3,0,3
BRDA:22,3,1,3
BRDA:27,4,0,0
BRDA:27,4,1,3
BRDA:47,5,0,1
BRDA:47,5,1,2
BRDA:62,6,0,0
BRDA:62,6,1,0
BRF:14
BRH:9
end_of_record
TN:
SF:middlewares\uploadMedia.js
FN:5,(anonymous_0)
FNF:1
FNH:1
FNDA:3,(anonymous_0)
DA:1,1
DA:3,1
DA:5,1
DA:6,3
DA:12,0
DA:15,0
DA:17,3
DA:20,1
DA:26,1
LF:9
LH:7
BRDA:6,0,0,0
BRDA:6,0,1,3
BRDA:7,1,0,3
BRDA:7,1,1,0
BRDA:7,1,2,0
BRDA:7,1,3,0
BRF:6
BRH:2
end_of_record
TN:
SF:models\address.js
FN:5,(anonymous_0)
FN:12,(anonymous_1)
FNF:2
FNH:2
FNDA:1,(anonymous_0)
FNDA:1,(anonymous_1)
DA:4,1
DA:5,1
DA:16,1
DA:25,1
LF:4
LH:4
BRF:0
BRH:0
end_of_record
TN:
SF:models\cart.js
FN:3,(anonymous_0)
FN:10,(anonymous_1)
FNF:2
FNH:2
FNDA:1,(anonymous_0)
FNDA:1,(anonymous_1)
DA:2,1
DA:3,1
DA:11,1
DA:16,1
DA:22,1
DA:33,1
LF:6
LH:6
BRF:0
BRH:0
end_of_record
TN:
SF:models\chat.js
FN:3,(anonymous_0)
FN:10,(anonymous_1)
FNF:2
FNH:2
FNDA:1,(anonymous_0)
FNDA:1,(anonymous_1)
DA:2,1
DA:3,1
DA:11,1
DA:17,1
DA:22,1
DA:29,1
DA:40,1
LF:7
LH:7
BRF:0
BRH:0
end_of_record
TN:
SF:models\doctor.js
FN:3,(anonymous_0)
FN:10,(anonymous_1)
FNF:2
FNH:2
FNDA:1,(anonymous_0)
FNDA:1,(anonymous_1)
DA:2,1
DA:3,1
DA:11,1
DA:17,1
DA:32,1
LF:5
LH:5
BRF:0
BRH:0
end_of_record
TN:
SF:models\index.js
FN:21,(anonymous_0)
FN:29,(anonymous_1)
FN:34,(anonymous_2)
FNF:3
FNH:3
FNDA:10,(anonymous_0)
FNDA:9,(anonymous_1)
FNDA:9,(anonymous_2)
DA:3,1
DA:4,1
DA:5,1
DA:6,1
DA:7,1
DA:8,1
DA:9,1
DA:10,1
DA:13,1
DA:14,0
DA:16,1
DA:19,1
DA:22,10
DA:30,9
DA:31,9
DA:34,1
DA:35,9
DA:36,9
DA:40,1
DA:41,1
DA:43,1
LF:21
LH:20
BRDA:8,0,0,1
BRDA:8,0,1,0
BRDA:13,1,0,0
BRDA:13,1,1,1
BRDA:23,2,0,10
BRDA:23,2,1,10
BRDA:23,2,2,9
BRDA:23,2,3,9
BRDA:35,3,0,9
BRDA:35,3,1,0
BRF:10
BRH:7
end_of_record
TN:
SF:models\message.js
FN:3,(anonymous_0)
FN:10,(anonymous_1)
FNF:2
FNH:2
FNDA:1,(anonymous_0)
FNDA:1,(anonymous_1)
DA:2,1
DA:3,1
DA:14,1
DA:26,1
LF:4
LH:4
BRF:0
BRH:0
end_of_record
TN:
SF:models\order.js
FN:3,(anonymous_0)
FN:10,(anonymous_1)
FNF:2
FNH:2
FNDA:1,(anonymous_0)
FNDA:1,(anonymous_1)
DA:2,1
DA:3,1
DA:11,1
DA:17,1
DA:30,1
LF:5
LH:5
BRF:0
BRH:0
end_of_record
TN:
SF:models\orderitem.js
FN:3,(anonymous_0)
FN:10,(anonymous_1)
FNF:2
FNH:2
FNDA:1,(anonymous_0)
FNDA:1,(anonymous_1)
DA:2,1
DA:3,1
DA:14,1
DA:26,1
LF:4
LH:4
BRF:0
BRH:0
end_of_record
TN:
SF:models\product.js
FN:3,(anonymous_0)
FN:10,(anonymous_1)
FNF:2
FNH:2
FNDA:1,(anonymous_0)
FNDA:1,(anonymous_1)
DA:2,1
DA:3,1
DA:14,1
DA:31,1
LF:4
LH:4
BRF:0
BRH:0
end_of_record
TN:
SF:models\user.js
FN:3,(anonymous_0)
FN:10,(anonymous_1)
FNF:2
FNH:2
FNDA:1,(anonymous_0)
FNDA:1,(anonymous_1)
DA:2,1
DA:3,1
DA:11,1
DA:18,1
DA:30,1
LF:5
LH:5
BRF:0
BRH:0
end_of_record
TN:
SF:utils\cloudinary.js
FN:12,(anonymous_0)
FN:13,(anonymous_1)
FN:22,(anonymous_2)
FN:37,(anonymous_3)
FN:38,(anonymous_4)
FN:43,(anonymous_5)
FNF:6
FNH:3
FNDA:1,(anonymous_0)
FNDA:1,(anonymous_1)
FNDA:1,(anonymous_2)
FNDA:0,(anonymous_3)
FNDA:0,(anonymous_4)
FNDA:0,(anonymous_5)
DA:1,1
DA:2,1
DA:4,1
DA:6,1
DA:12,1
DA:13,1
DA:16,1
DA:17,1
DA:23,1
DA:24,0
DA:26,1
DA:30,1
DA:32,0
DA:37,0
DA:38,0
DA:43,1
DA:44,0
DA:45,0
DA:49,0
DA:51,0
DA:54,1
LF:21
LH:13
BRDA:16,0,0,1
BRDA:16,0,1,0
BRDA:23,1,0,0
BRDA:23,1,1,1
BRF:4
BRH:2
end_of_record
