TN:
SF:api\product.js
FN:16,(anonymous_0)
FN:26,(anonymous_1)
FN:39,(anonymous_2)
FN:71,(anonymous_3)
FN:110,(anonymous_4)
FNF:5
FNH:5
FNDA:1,(anonymous_0)
FNDA:2,(anonymous_1)
FNDA:2,(anonymous_2)
FNDA:1,(anonymous_3)
FNDA:1,(anonymous_4)
DA:1,1
DA:2,1
DA:3,1
DA:5,1
DA:7,1
DA:8,1
DA:9,1
DA:13,1
DA:14,1
DA:16,1
DA:17,1
DA:18,1
DA:20,1
DA:22,0
DA:26,1
DA:27,2
DA:28,2
DA:30,1
DA:32,1
DA:33,1
DA:39,1
DA:41,2
DA:42,2
DA:43,0
DA:45,2
DA:47,1
DA:49,1
DA:51,1
DA:53,1
DA:58,1
DA:62,1
DA:63,0
DA:65,1
DA:71,1
DA:73,1
DA:74,1
DA:76,0
DA:77,0
DA:79,0
DA:80,0
DA:81,0
DA:85,0
DA:86,0
DA:89,0
DA:90,0
DA:93,0
DA:95,0
DA:100,0
DA:104,1
DA:110,1
DA:111,1
DA:112,1
DA:114,0
DA:118,1
DA:124,1
DA:125,1
DA:126,1
DA:133,1
DA:140,1
DA:147,1
LF:60
LH:44
BRDA:42,0,0,0
BRDA:42,0,1,2
BRDA:45,1,0,1
BRDA:45,1,1,1
BRDA:51,2,0,0
BRDA:51,2,1,1
BRDA:62,3,0,0
BRDA:62,3,1,1
BRDA:76,4,0,0
BRDA:76,4,1,0
BRDA:79,5,0,0
BRDA:79,5,1,0
BRDA:85,6,0,0
BRDA:85,6,1,0
BRDA:90,7,0,0
BRDA:90,7,1,0
BRF:16
BRH:5
end_of_record
TN:
SF:helpers\generalHelper.js
FN:6,(anonymous_0)
FN:44,(anonymous_1)
FN:78,(anonymous_2)
FN:87,(anonymous_3)
FN:89,(anonymous_4)
FN:107,(anonymous_5)
FNF:6
FNH:6
FNDA:6,(anonymous_0)
FNDA:3,(anonymous_1)
FNDA:1,(anonymous_2)
FNDA:9,(anonymous_3)
FNDA:9,(anonymous_4)
FNDA:1,(anonymous_5)
DA:1,1
DA:2,1
DA:4,1
DA:6,1
DA:7,6
DA:14,6
DA:16,6
DA:17,0
DA:19,0
DA:21,0
DA:25,6
DA:27,0
DA:29,1
DA:31,3
DA:33,1
DA:35,1
DA:37,0
DA:41,0
DA:44,1
DA:45,3
DA:52,3
DA:54,3
DA:55,0
DA:57,0
DA:59,0
DA:63,3
DA:65,0
DA:67,2
DA:69,1
DA:71,0
DA:73,0
DA:78,1
DA:80,1
DA:81,1
DA:87,1
DA:88,9
DA:89,9
DA:90,9
DA:92,9
DA:93,9
DA:95,9
DA:96,6
DA:99,9
DA:102,9
DA:105,1
DA:107,1
DA:110,1
LF:47
LH:35
BRDA:7,0,0,6
BRDA:7,0,1,0
BRDA:8,1,0,6
BRDA:8,1,1,6
BRDA:8,1,2,6
BRDA:8,1,3,6
BRDA:14,2,0,0
BRDA:14,2,1,6
BRDA:14,3,0,6
BRDA:14,3,1,0
BRDA:16,4,0,0
BRDA:16,4,1,6
BRDA:16,5,0,6
BRDA:16,5,1,0
BRDA:17,6,0,0
BRDA:17,6,1,0
BRDA:25,7,0,0
BRDA:25,7,1,1
BRDA:25,7,2,3
BRDA:25,7,3,1
BRDA:25,7,4,1
BRDA:25,7,5,0
BRDA:45,8,0,3
BRDA:45,8,1,0
BRDA:46,9,0,3
BRDA:46,9,1,3
BRDA:46,9,2,3
BRDA:46,9,3,3
BRDA:52,10,0,0
BRDA:52,10,1,3
BRDA:52,11,0,3
BRDA:52,11,1,0
BRDA:54,12,0,0
BRDA:54,12,1,3
BRDA:54,13,0,3
BRDA:54,13,1,0
BRDA:55,14,0,0
BRDA:55,14,1,0
BRDA:63,15,0,0
BRDA:63,15,1,2
BRDA:63,15,2,1
BRDA:63,15,3,0
BRDA:63,15,4,0
BRDA:92,16,0,9
BRDA:92,16,1,6
BRDA:92,16,2,3
BRDA:95,17,0,6
BRDA:95,17,1,3
BRDA:95,18,0,9
BRDA:95,18,1,7
BRF:50
BRH:31
end_of_record
TN:
SF:helpers\productHelper.js
FN:9,(anonymous_0)
FN:31,(anonymous_1)
FN:32,(anonymous_2)
FN:47,(anonymous_3)
FN:64,(anonymous_4)
FN:84,(anonymous_5)
FNF:6
FNH:5
FNDA:1,(anonymous_0)
FNDA:4,(anonymous_1)
FNDA:4,(anonymous_2)
FNDA:1,(anonymous_3)
FNDA:0,(anonymous_4)
FNDA:1,(anonymous_5)
DA:1,1
DA:2,1
DA:3,1
DA:4,1
DA:5,1
DA:7,1
DA:9,1
DA:10,1
DA:24,1
DA:25,0
DA:28,1
DA:31,1
DA:32,4
DA:33,4
DA:37,4
DA:40,4
DA:41,3
DA:44,1
DA:47,1
DA:48,1
DA:61,1
DA:64,1
DA:65,0
DA:81,0
DA:84,1
DA:85,1
DA:87,0
DA:88,0
DA:93,0
DA:94,0
DA:97,0
DA:100,1
LF:32
LH:24
BRDA:12,0,0,1
BRDA:12,0,1,0
BRDA:15,1,0,1
BRDA:15,1,1,0
BRDA:19,2,0,1
BRDA:19,2,1,0
BRDA:20,3,0,1
BRDA:20,3,1,0
BRDA:24,4,0,0
BRDA:24,4,1,1
BRDA:40,5,0,3
BRDA:40,5,1,1
BRDA:74,6,0,0
BRDA:74,6,1,0
BRDA:93,7,0,0
BRDA:93,7,1,0
BRF:16
BRH:7
end_of_record
TN:
SF:helpers\validationHelper.js
FN:4,(anonymous_0)
FN:17,(anonymous_1)
FN:28,(anonymous_2)
FN:38,(anonymous_3)
FN:50,(anonymous_4)
FN:69,(anonymous_5)
FN:85,(anonymous_6)
FN:99,(anonymous_7)
FN:112,(anonymous_8)
FN:127,(anonymous_9)
FN:142,(anonymous_10)
FN:159,(anonymous_11)
FN:172,(anonymous_12)
FNF:13
FNH:1
FNDA:0,(anonymous_0)
FNDA:0,(anonymous_1)
FNDA:0,(anonymous_2)
FNDA:0,(anonymous_3)
FNDA:1,(anonymous_4)
FNDA:0,(anonymous_5)
FNDA:0,(anonymous_6)
FNDA:0,(anonymous_7)
FNDA:0,(anonymous_8)
FNDA:0,(anonymous_9)
FNDA:0,(anonymous_10)
FNDA:0,(anonymous_11)
FNDA:0,(anonymous_12)
DA:1,1
DA:2,1
DA:4,1
DA:5,0
DA:12,0
DA:13,0
DA:17,1
DA:18,0
DA:23,0
DA:24,0
DA:28,1
DA:29,0
DA:33,0
DA:34,0
DA:38,1
DA:39,0
DA:45,0
DA:46,0
DA:50,1
DA:51,1
DA:64,1
DA:65,0
DA:69,1
DA:70,0
DA:80,0
DA:81,0
DA:85,1
DA:86,0
DA:94,0
DA:95,0
DA:99,1
DA:100,0
DA:107,0
DA:108,0
DA:112,1
DA:113,0
DA:122,0
DA:123,0
DA:127,1
DA:128,0
DA:137,0
DA:138,0
DA:142,1
DA:143,0
DA:154,0
DA:155,0
DA:159,1
DA:160,0
DA:167,0
DA:168,0
DA:172,1
DA:173,0
DA:181,0
DA:182,0
DA:186,1
LF:55
LH:18
BRDA:12,0,0,0
BRDA:12,0,1,0
BRDA:23,1,0,0
BRDA:23,1,1,0
BRDA:33,2,0,0
BRDA:33,2,1,0
BRDA:45,3,0,0
BRDA:45,3,1,0
BRDA:64,4,0,0
BRDA:64,4,1,1
BRDA:80,5,0,0
BRDA:80,5,1,0
BRDA:94,6,0,0
BRDA:94,6,1,0
BRDA:107,7,0,0
BRDA:107,7,1,0
BRDA:122,8,0,0
BRDA:122,8,1,0
BRDA:137,9,0,0
BRDA:137,9,1,0
BRDA:154,10,0,0
BRDA:154,10,1,0
BRDA:167,11,0,0
BRDA:167,11,1,0
BRDA:181,12,0,0
BRDA:181,12,1,0
BRF:26
BRH:1
end_of_record
TN:
SF:middlewares\authMiddleware.js
FN:12,(anonymous_0)
FN:44,(anonymous_1)
FN:59,(anonymous_2)
FNF:3
FNH:2
FNDA:6,(anonymous_0)
FNDA:5,(anonymous_1)
FNDA:0,(anonymous_2)
DA:1,1
DA:2,1
DA:3,1
DA:4,1
DA:6,1
DA:8,1
DA:9,1
DA:12,1
DA:13,6
DA:15,6
DA:16,6
DA:17,1
DA:20,5
DA:21,5
DA:22,5
DA:23,0
DA:26,5
DA:27,5
DA:28,0
DA:31,5
DA:33,5
DA:35,1
DA:37,1
DA:38,1
DA:44,1
DA:45,5
DA:46,5
DA:47,1
DA:50,4
DA:52,1
DA:53,1
DA:59,1
DA:60,0
DA:61,0
DA:62,0
DA:65,0
DA:67,0
DA:68,0
DA:74,1
LF:39
LH:31
BRDA:8,0,0,1
BRDA:8,0,1,0
BRDA:16,1,0,1
BRDA:16,1,1,5
BRDA:22,2,0,0
BRDA:22,2,1,5
BRDA:22,3,0,5
BRDA:22,3,1,5
BRDA:27,4,0,0
BRDA:27,4,1,5
BRDA:46,5,0,1
BRDA:46,5,1,4
BRDA:61,6,0,0
BRDA:61,6,1,0
BRF:14
BRH:9
end_of_record
TN:
SF:middlewares\uploadMedia.js
FN:5,(anonymous_0)
FNF:1
FNH:1
FNDA:4,(anonymous_0)
DA:1,1
DA:3,1
DA:5,1
DA:6,4
DA:12,0
DA:15,0
DA:17,4
DA:20,1
DA:26,1
LF:9
LH:7
BRDA:6,0,0,0
BRDA:6,0,1,4
BRDA:7,1,0,4
BRDA:7,1,1,0
BRDA:7,1,2,0
BRDA:7,1,3,0
BRF:6
BRH:2
end_of_record
TN:
SF:models\address.js
FN:5,(anonymous_0)
FN:12,(anonymous_1)
FNF:2
FNH:2
FNDA:1,(anonymous_0)
FNDA:1,(anonymous_1)
DA:4,1
DA:5,1
DA:16,1
DA:25,1
LF:4
LH:4
BRF:0
BRH:0
end_of_record
TN:
SF:models\cart.js
FN:3,(anonymous_0)
FN:10,(anonymous_1)
FNF:2
FNH:2
FNDA:1,(anonymous_0)
FNDA:1,(anonymous_1)
DA:2,1
DA:3,1
DA:11,1
DA:16,1
DA:22,1
DA:33,1
LF:6
LH:6
BRF:0
BRH:0
end_of_record
TN:
SF:models\chat.js
FN:3,(anonymous_0)
FN:10,(anonymous_1)
FNF:2
FNH:2
FNDA:1,(anonymous_0)
FNDA:1,(anonymous_1)
DA:2,1
DA:3,1
DA:11,1
DA:17,1
DA:22,1
DA:29,1
DA:40,1
LF:7
LH:7
BRF:0
BRH:0
end_of_record
TN:
SF:models\chatorder.js
FN:3,(anonymous_0)
FN:10,(anonymous_1)
FNF:2
FNH:2
FNDA:1,(anonymous_0)
FNDA:1,(anonymous_1)
DA:2,1
DA:3,1
DA:11,1
DA:17,1
DA:23,1
DA:38,1
LF:6
LH:6
BRF:0
BRH:0
end_of_record
TN:
SF:models\doctor.js
FN:3,(anonymous_0)
FN:10,(anonymous_1)
FNF:2
FNH:2
FNDA:1,(anonymous_0)
FNDA:1,(anonymous_1)
DA:2,1
DA:3,1
DA:11,1
DA:17,1
DA:33,1
LF:5
LH:5
BRF:0
BRH:0
end_of_record
TN:
SF:models\forgotpassword.js
FN:5,(anonymous_0)
FN:12,(anonymous_1)
FNF:2
FNH:2
FNDA:1,(anonymous_0)
FNDA:1,(anonymous_1)
DA:4,1
DA:5,1
DA:16,1
DA:24,1
LF:4
LH:4
BRF:0
BRH:0
end_of_record
TN:
SF:models\index.js
FN:21,(anonymous_0)
FN:29,(anonymous_1)
FN:34,(anonymous_2)
FNF:3
FNH:3
FNDA:12,(anonymous_0)
FNDA:11,(anonymous_1)
FNDA:11,(anonymous_2)
DA:3,1
DA:4,1
DA:5,1
DA:6,1
DA:7,1
DA:8,1
DA:9,1
DA:10,1
DA:13,1
DA:14,0
DA:16,1
DA:19,1
DA:22,12
DA:30,11
DA:31,11
DA:34,1
DA:35,11
DA:36,11
DA:40,1
DA:41,1
DA:43,1
LF:21
LH:20
BRDA:8,0,0,1
BRDA:8,0,1,0
BRDA:13,1,0,0
BRDA:13,1,1,1
BRDA:23,2,0,12
BRDA:23,2,1,12
BRDA:23,2,2,11
BRDA:23,2,3,11
BRDA:35,3,0,11
BRDA:35,3,1,0
BRF:10
BRH:7
end_of_record
TN:
SF:models\message.js
FN:3,(anonymous_0)
FN:10,(anonymous_1)
FNF:2
FNH:2
FNDA:1,(anonymous_0)
FNDA:1,(anonymous_1)
DA:2,1
DA:3,1
DA:14,1
DA:26,1
LF:4
LH:4
BRF:0
BRH:0
end_of_record
TN:
SF:models\order.js
FN:3,(anonymous_0)
FN:10,(anonymous_1)
FNF:2
FNH:2
FNDA:1,(anonymous_0)
FNDA:1,(anonymous_1)
DA:2,1
DA:3,1
DA:11,1
DA:17,1
DA:30,1
LF:5
LH:5
BRF:0
BRH:0
end_of_record
TN:
SF:models\orderitem.js
FN:3,(anonymous_0)
FN:10,(anonymous_1)
FNF:2
FNH:2
FNDA:1,(anonymous_0)
FNDA:1,(anonymous_1)
DA:2,1
DA:3,1
DA:14,1
DA:27,1
LF:4
LH:4
BRF:0
BRH:0
end_of_record
TN:
SF:models\product.js
FN:3,(anonymous_0)
FN:10,(anonymous_1)
FNF:2
FNH:2
FNDA:1,(anonymous_0)
FNDA:1,(anonymous_1)
DA:2,1
DA:3,1
DA:14,1
DA:32,1
LF:4
LH:4
BRF:0
BRH:0
end_of_record
TN:
SF:models\user.js
FN:3,(anonymous_0)
FN:10,(anonymous_1)
FNF:2
FNH:2
FNDA:1,(anonymous_0)
FNDA:1,(anonymous_1)
DA:2,1
DA:3,1
DA:11,1
DA:18,1
DA:31,1
LF:5
LH:5
BRF:0
BRH:0
end_of_record
TN:
SF:utils\cloudinary.js
FN:12,(anonymous_0)
FN:13,(anonymous_1)
FN:22,(anonymous_2)
FN:37,(anonymous_3)
FN:38,(anonymous_4)
FN:43,(anonymous_5)
FNF:6
FNH:3
FNDA:1,(anonymous_0)
FNDA:1,(anonymous_1)
FNDA:1,(anonymous_2)
FNDA:0,(anonymous_3)
FNDA:0,(anonymous_4)
FNDA:0,(anonymous_5)
DA:1,1
DA:2,1
DA:4,1
DA:6,1
DA:12,1
DA:13,1
DA:16,1
DA:17,1
DA:23,1
DA:24,0
DA:26,1
DA:30,1
DA:32,0
DA:37,0
DA:38,0
DA:43,1
DA:44,0
DA:45,0
DA:49,0
DA:51,0
DA:54,1
LF:21
LH:13
BRDA:16,0,0,1
BRDA:16,0,1,0
BRDA:23,1,0,0
BRDA:23,1,1,1
BRF:4
BRH:2
end_of_record
